[INFO] Loaded 1 MANTIS instances.
[INFO] com.thealgorithms.others.MiniMaxAlgorithm setScores 시나리오 생성 시작
[INFO] com.thealgorithms.others.MiniMaxAlgorithm 모델 `o4-mini` 선택됨.

[INFO] com.thealgorithms.others.MiniMaxAlgorithm setScores 프롬프트 설정 완료!
[INFO] '
/workspace/buggy/TheAlgorithms-Java-6563/src/main/java/com/thealgorithms/others/MiniMaxAlgorithm.java' 파일의 코드를 o4-mini 모델로 시나리오 생성 처리 중...
[INFO] 응답이 JSON 파일로 저장되었습니다: /workspace/MANTIS/results/TheAlgorithms-Java/6563b/MANTIS-tests/TheAlgorithms-Java/MiniMaxAlgorithm/scenario_output/setScores/scenario_0.json

[INFO] com.thealgorithms.others.MiniMaxAlgorithm setScores 시나리오 생성이 완료되었습니다!
[INFO] com.thealgorithms.others.MiniMaxAlgorithm setScores 시나리오 후처리 시작
[INFO] com.thealgorithms.others.MiniMaxAlgorithm setScores 시나리오 후처리가 완료되었습니다!
[OK] scenario generated: com.thealgorithms.others.MiniMaxAlgorithm
[INFO] com.thealgorithms.others.MiniMaxAlgorithm setScores 테스트 코드 생성 시작
[INFO] com.thealgorithms.others.MiniMaxAlgorithm 모델 `o4-mini` 선택됨.

[INFO] com.thealgorithms.others.MiniMaxAlgorithm 프롬프트 설정 완료!
[INFO] '
/workspace/buggy/TheAlgorithms-Java-6563/src/main/java/com/thealgorithms/others/MiniMaxAlgorithm.java' 파일의 코드를 o4-mini 모델로 테스트 생성 처리 중...
[INFO] 응답이 JSON 파일로 저장되었습니다: /workspace/MANTIS/results/TheAlgorithms-Java/6563b/MANTIS-tests/TheAlgorithms-Java/MiniMaxAlgorithm/test_output/setScores/test_0.json

[INFO] com.thealgorithms.others.MiniMaxAlgorithm  테스트 생성이 완료되었습니다!
[INFO] com.thealgorithms.others.MiniMaxAlgorithm setScores 테스트 코드 후처리 시작
[INFO] com.thealgorithms.others.MiniMaxAlgorithm_setScores_0_Test.java 저장 완료.
[FIXED] setScores: /workspace/MANTIS/results/TheAlgorithms-Java/6563b/MANTIS-tests/TheAlgorithms-Java/MiniMaxAlgorithm/test_output/setScores/MiniMaxAlgorithm_setScores_0_Test.java -> ["package -> 'com.thealgorithms.others'", 'class rename: MiniMaxAlgorithm_setScores_Test -> MiniMaxAlgorithm_setScores_0_Test', 'ensure public top-level type']
[OK] test generated: com.thealgorithms.others.MiniMaxAlgorithm
Preprocessed: /workspace/MANTIS/results/TheAlgorithms-Java/6563b/MANTIS-tests/TheAlgorithms-Java/MiniMaxAlgorithm/test_output/setScores/MiniMaxAlgorithm_setScores_0_Test.java -> /workspace/buggy/TheAlgorithms-Java-6563/MANTIS-tests/com/thealgorithms/others/MiniMaxAlgorithm_setScores_0_Test.java

=== Processing MiniMaxAlgorithm setScores ===
[INFO] Project root : /workspace/buggy/TheAlgorithms-Java-6563
[INFO] Running Maven: /usr/local/bin/mvn clean test -Dtest=MiniMaxAlgorithm_setScores_0_Test -Dmaven.test.failure.ignore=true -Drat.skip=true org.jacoco:jacoco-maven-plugin:report
** Saved stdout to /workspace/MANTIS/results/TheAlgorithms-Java/6563b/MANTIS-tests/TheAlgorithms-Java/MiniMaxAlgorithm/execution_logs/MiniMaxAlgorithm_setScores_outLog.txt
[저장된 정보] Tests run: 4, Failures: 1, Errors: 0, Skipped: 0
[COVERAGE-METHOD] com.thealgorithms.others.MiniMaxAlgorithm#setScores
  - LINE   : missed=1, covered=4, pct=80.00%
  - BRANCH : missed=1, covered=1, pct=50.00%
[INFO] com.thealgorithms.others.MiniMaxAlgorithm setScores 개선 1 생성 시작
[INFO] com.thealgorithms.others.MiniMaxAlgorithm 모델 `o4-mini` 선택됨.

[INFO] com.thealgorithms.others.MiniMaxAlgorithm 프롬프트 설정 완료!
[INFO] '
/workspace/buggy/TheAlgorithms-Java-6563/src/main/java/com/thealgorithms/others/MiniMaxAlgorithm.java' 파일의 코드를 o4-mini 모델로 시나리오 생성 처리 중...
[INFO] 응답이 JSON 파일로 저장되었습니다: /workspace/MANTIS/results/TheAlgorithms-Java/6563b/MANTIS-tests/TheAlgorithms-Java/MiniMaxAlgorithm/scenario_output/setScores/scenario_1.json

[INFO] com.thealgorithms.others.MiniMaxAlgorithm setScores 시나리오 생성이 완료되었습니다!
[INFO] com.thealgorithms.others.MiniMaxAlgorithm setScores 시나리오 후처리 시작
[WARN] scenarios is not a dict. Saved as single file: /workspace/MANTIS/results/TheAlgorithms-Java/6563b/MANTIS-tests/TheAlgorithms-Java/MiniMaxAlgorithm/scenario_output/setScores/setScores_1.json
[INFO] com.thealgorithms.others.MiniMaxAlgorithm 시나리오 후처리가 완료되었습니다!
[OK] enhance generated: com.thealgorithms.others.MiniMaxAlgorithm
[INFO] com.thealgorithms.others.MiniMaxAlgorithm setScores 테스트 코드 생성 시작
[INFO] com.thealgorithms.others.MiniMaxAlgorithm 모델 `o4-mini` 선택됨.

[INFO] com.thealgorithms.others.MiniMaxAlgorithm 프롬프트 설정 완료!
[INFO] '
/workspace/buggy/TheAlgorithms-Java-6563/src/main/java/com/thealgorithms/others/MiniMaxAlgorithm.java' 파일의 코드를 o4-mini 모델로 테스트 생성 처리 중...
[INFO] 응답이 JSON 파일로 저장되었습니다: /workspace/MANTIS/results/TheAlgorithms-Java/6563b/MANTIS-tests/TheAlgorithms-Java/MiniMaxAlgorithm/test_output/setScores/test_1.json

[INFO] com.thealgorithms.others.MiniMaxAlgorithm  테스트 생성이 완료되었습니다!
[INFO] com.thealgorithms.others.MiniMaxAlgorithm setScores 테스트 코드 후처리 시작
[INFO] com.thealgorithms.others.MiniMaxAlgorithm_setScores_1_Test.java 저장 완료.
[OK] setScores: /workspace/MANTIS/results/TheAlgorithms-Java/6563b/MANTIS-tests/TheAlgorithms-Java/MiniMaxAlgorithm/test_output/setScores/MiniMaxAlgorithm_setScores_0_Test.java
[FIXED] setScores: /workspace/MANTIS/results/TheAlgorithms-Java/6563b/MANTIS-tests/TheAlgorithms-Java/MiniMaxAlgorithm/test_output/setScores/MiniMaxAlgorithm_setScores_1_Test.java -> ['class rename: MiniMaxAlgorithm_setScores_Test -> MiniMaxAlgorithm_setScores_1_Test', 'ensure public top-level type']
[OK] test generated: com.thealgorithms.others.MiniMaxAlgorithm
Preprocessed: /workspace/MANTIS/results/TheAlgorithms-Java/6563b/MANTIS-tests/TheAlgorithms-Java/MiniMaxAlgorithm/test_output/setScores/MiniMaxAlgorithm_setScores_1_Test.java -> /workspace/buggy/TheAlgorithms-Java-6563/MANTIS-tests/com/thealgorithms/others/MiniMaxAlgorithm_setScores_1_Test.java

=== Processing MiniMaxAlgorithm setScores ===
[INFO] Project root : /workspace/buggy/TheAlgorithms-Java-6563
[INFO] Running Maven: /usr/local/bin/mvn clean test -Dtest=MiniMaxAlgorithm_setScores_1_Test -Dmaven.test.failure.ignore=true -Drat.skip=true org.jacoco:jacoco-maven-plugin:report
** Saved stdout to /workspace/MANTIS/results/TheAlgorithms-Java/6563b/MANTIS-tests/TheAlgorithms-Java/MiniMaxAlgorithm/execution_logs/MiniMaxAlgorithm_setScores_outLog.txt
[저장된 정보] Tests run: 3, Failures: 0, Errors: 0, Skipped: 0
[COVERAGE-METHOD] com.thealgorithms.others.MiniMaxAlgorithm#setScores
  - LINE   : missed=1, covered=4, pct=80.00%
  - BRANCH : missed=1, covered=1, pct=50.00%

=== Processing MiniMaxAlgorithm setScores ===
[INFO] Project root : /workspace/buggy/TheAlgorithms-Java-6563
[INFO] Running Maven: /usr/local/bin/mvn clean test -Dmaven.test.failure.ignore=true -Drat.skip=true org.jacoco:jacoco-maven-plugin:report
** Saved stdout to /workspace/MANTIS/results/TheAlgorithms-Java/6563b/MANTIS-tests/TheAlgorithms-Java/MiniMaxAlgorithm/execution_logs/MiniMaxAlgorithm_setScores_outLog.txt
[저장된 정보] Tests run: 7, Failures: 1, Errors: 0, Skipped: 0
[COVERAGE-METHOD] com.thealgorithms.others.MiniMaxAlgorithm#setScores
  - LINE   : missed=1, covered=4, pct=80.00%
  - BRANCH : missed=1, covered=1, pct=50.00%
[INFO] com.thealgorithms.others.MiniMaxAlgorithm setScores 개선 2 생성 시작
[INFO] com.thealgorithms.others.MiniMaxAlgorithm 모델 `o4-mini` 선택됨.

[INFO] com.thealgorithms.others.MiniMaxAlgorithm 프롬프트 설정 완료!
[INFO] '
/workspace/buggy/TheAlgorithms-Java-6563/src/main/java/com/thealgorithms/others/MiniMaxAlgorithm.java' 파일의 코드를 o4-mini 모델로 시나리오 생성 처리 중...
[INFO] 응답이 JSON 파일로 저장되었습니다: /workspace/MANTIS/results/TheAlgorithms-Java/6563b/MANTIS-tests/TheAlgorithms-Java/MiniMaxAlgorithm/scenario_output/setScores/scenario_2.json

[INFO] com.thealgorithms.others.MiniMaxAlgorithm setScores 시나리오 생성이 완료되었습니다!
[INFO] com.thealgorithms.others.MiniMaxAlgorithm setScores 시나리오 후처리 시작
[WARN] scenarios is not a dict. Saved as single file: /workspace/MANTIS/results/TheAlgorithms-Java/6563b/MANTIS-tests/TheAlgorithms-Java/MiniMaxAlgorithm/scenario_output/setScores/setScores_2.json
[INFO] com.thealgorithms.others.MiniMaxAlgorithm 시나리오 후처리가 완료되었습니다!
[OK] enhance generated: com.thealgorithms.others.MiniMaxAlgorithm
[INFO] com.thealgorithms.others.MiniMaxAlgorithm setScores 테스트 코드 생성 시작
[INFO] com.thealgorithms.others.MiniMaxAlgorithm 모델 `o4-mini` 선택됨.

[INFO] com.thealgorithms.others.MiniMaxAlgorithm 프롬프트 설정 완료!
[INFO] '
/workspace/buggy/TheAlgorithms-Java-6563/src/main/java/com/thealgorithms/others/MiniMaxAlgorithm.java' 파일의 코드를 o4-mini 모델로 테스트 생성 처리 중...
[INFO] 응답이 JSON 파일로 저장되었습니다: /workspace/MANTIS/results/TheAlgorithms-Java/6563b/MANTIS-tests/TheAlgorithms-Java/MiniMaxAlgorithm/test_output/setScores/test_2.json

[INFO] com.thealgorithms.others.MiniMaxAlgorithm  테스트 생성이 완료되었습니다!
[INFO] com.thealgorithms.others.MiniMaxAlgorithm setScores 테스트 코드 후처리 시작
[INFO] com.thealgorithms.others.MiniMaxAlgorithm_setScores_2_Test.java 저장 완료.
[OK] setScores: /workspace/MANTIS/results/TheAlgorithms-Java/6563b/MANTIS-tests/TheAlgorithms-Java/MiniMaxAlgorithm/test_output/setScores/MiniMaxAlgorithm_setScores_0_Test.java
[OK] setScores: /workspace/MANTIS/results/TheAlgorithms-Java/6563b/MANTIS-tests/TheAlgorithms-Java/MiniMaxAlgorithm/test_output/setScores/MiniMaxAlgorithm_setScores_1_Test.java
[FIXED] setScores: /workspace/MANTIS/results/TheAlgorithms-Java/6563b/MANTIS-tests/TheAlgorithms-Java/MiniMaxAlgorithm/test_output/setScores/MiniMaxAlgorithm_setScores_2_Test.java -> ["package -> 'com.thealgorithms.others'", 'class rename: MiniMaxAlgorithm_setScores_Test -> MiniMaxAlgorithm_setScores_2_Test', 'ensure public top-level type']
[OK] test generated: com.thealgorithms.others.MiniMaxAlgorithm
Preprocessed: /workspace/MANTIS/results/TheAlgorithms-Java/6563b/MANTIS-tests/TheAlgorithms-Java/MiniMaxAlgorithm/test_output/setScores/MiniMaxAlgorithm_setScores_2_Test.java -> /workspace/buggy/TheAlgorithms-Java-6563/MANTIS-tests/com/thealgorithms/others/MiniMaxAlgorithm_setScores_2_Test.java

=== Processing MiniMaxAlgorithm setScores ===
[INFO] Project root : /workspace/buggy/TheAlgorithms-Java-6563
[INFO] Running Maven: /usr/local/bin/mvn clean test -Dtest=MiniMaxAlgorithm_setScores_2_Test -Dmaven.test.failure.ignore=true -Drat.skip=true org.jacoco:jacoco-maven-plugin:report
** Saved stdout to /workspace/MANTIS/results/TheAlgorithms-Java/6563b/MANTIS-tests/TheAlgorithms-Java/MiniMaxAlgorithm/execution_logs/MiniMaxAlgorithm_setScores_outLog.txt
[저장된 정보] Tests run: 1, Failures: 1, Errors: 0, Skipped: 0
[COVERAGE-METHOD] com.thealgorithms.others.MiniMaxAlgorithm#setScores
  - LINE   : missed=1, covered=4, pct=80.00%
  - BRANCH : missed=1, covered=1, pct=50.00%

=== Processing MiniMaxAlgorithm setScores ===
[INFO] Project root : /workspace/buggy/TheAlgorithms-Java-6563
[INFO] Running Maven: /usr/local/bin/mvn clean test -Dmaven.test.failure.ignore=true -Drat.skip=true org.jacoco:jacoco-maven-plugin:report
** Saved stdout to /workspace/MANTIS/results/TheAlgorithms-Java/6563b/MANTIS-tests/TheAlgorithms-Java/MiniMaxAlgorithm/execution_logs/MiniMaxAlgorithm_setScores_outLog.txt
[저장된 정보] Tests run: 8, Failures: 2, Errors: 0, Skipped: 0
[COVERAGE-METHOD] com.thealgorithms.others.MiniMaxAlgorithm#setScores
  - LINE   : missed=1, covered=4, pct=80.00%
  - BRANCH : missed=1, covered=1, pct=50.00%
[DONE] com.thealgorithms.others.MiniMaxAlgorithm setScores finished execution.
[INFO] orchestrator finished.
