[INFO] Loaded 1 MANTIS instances.
[INFO] com.ezylang.evalex.parser.Tokenizer parse 시나리오 생성 시작
[INFO] com.ezylang.evalex.parser.Tokenizer 모델 `o4-mini` 선택됨.

[INFO] com.ezylang.evalex.parser.Tokenizer parse 프롬프트 설정 완료!
[INFO] '
/workspace/buggy/EvalEx-483/src/main/java/com/ezylang/evalex/parser/Tokenizer.java' 파일의 코드를 o4-mini 모델로 시나리오 생성 처리 중...
[INFO] 응답이 JSON 파일로 저장되었습니다: /workspace/MANTIS/results/EvalEx/483b/MANTIS-tests/EvalEx/Tokenizer/scenario_output/parse/scenario_0.json

[INFO] com.ezylang.evalex.parser.Tokenizer parse 시나리오 생성이 완료되었습니다!
[INFO] com.ezylang.evalex.parser.Tokenizer parse 시나리오 후처리 시작
[INFO] com.ezylang.evalex.parser.Tokenizer parse 시나리오 후처리가 완료되었습니다!
[OK] scenario generated: com.ezylang.evalex.parser.Tokenizer
[INFO] com.ezylang.evalex.parser.Tokenizer parse 테스트 코드 생성 시작
[INFO] com.ezylang.evalex.parser.Tokenizer 모델 `o4-mini` 선택됨.

[INFO] com.ezylang.evalex.parser.Tokenizer 프롬프트 설정 완료!
[INFO] '
/workspace/buggy/EvalEx-483/src/main/java/com/ezylang/evalex/parser/Tokenizer.java' 파일의 코드를 o4-mini 모델로 테스트 생성 처리 중...
[INFO] 응답이 JSON 파일로 저장되었습니다: /workspace/MANTIS/results/EvalEx/483b/MANTIS-tests/EvalEx/Tokenizer/test_output/parse/test_0.json

[INFO] com.ezylang.evalex.parser.Tokenizer  테스트 생성이 완료되었습니다!
[INFO] com.ezylang.evalex.parser.Tokenizer parse 테스트 코드 후처리 시작
[INFO] com.ezylang.evalex.parser.Tokenizer_parse_0_Test.java 저장 완료.
[FIXED] parse: /workspace/MANTIS/results/EvalEx/483b/MANTIS-tests/EvalEx/Tokenizer/test_output/parse/Tokenizer_parse_0_Test.java -> ['class rename: Tokenizer_parse_Test -> Tokenizer_parse_0_Test', 'ensure public top-level type']
[OK] test generated: com.ezylang.evalex.parser.Tokenizer
Preprocessed: /workspace/MANTIS/results/EvalEx/483b/MANTIS-tests/EvalEx/Tokenizer/test_output/parse/Tokenizer_parse_0_Test.java -> /workspace/buggy/EvalEx-483/MANTIS-tests/com/ezylang/evalex/parser/Tokenizer_parse_0_Test.java

=== Processing Tokenizer parse ===
[INFO] Project root : /workspace/buggy/EvalEx-483
[INFO] Running Maven: /usr/local/bin/mvn clean test -Dtest=Tokenizer_parse_0_Test -Dmaven.test.failure.ignore=true -Drat.skip=true org.jacoco:jacoco-maven-plugin:report
** Saved stdout to /workspace/MANTIS/results/EvalEx/483b/MANTIS-tests/EvalEx/Tokenizer/execution_logs/Tokenizer_parse_outLog.txt
[저장된 정보] Tests run: 10, Failures: 4, Errors: 0, Skipped: 0
[COVERAGE-METHOD] com.ezylang.evalex.parser.Tokenizer#parse
  - LINE   : missed=1, covered=17, pct=94.44%
  - BRANCH : missed=1, covered=9, pct=90.00%
[DONE] com.ezylang.evalex.parser.Tokenizer parse finished execution.
[INFO] orchestrator finished.
