[INFO] Loaded 1 MANTIS instances.
[INFO] org.idpf.epubcheck.util.css.CssParser parse 시나리오 생성 시작
[INFO] org.idpf.epubcheck.util.css.CssParser 모델 `o4-mini` 선택됨.

[INFO] org.idpf.epubcheck.util.css.CssParser parse 프롬프트 설정 완료!
[INFO] '
/workspace/buggy/epubcheck-1605/src/main/java/org/idpf/epubcheck/util/css/CssParser.java' 파일의 코드를 o4-mini 모델로 시나리오 생성 처리 중...
[INFO] 응답이 JSON 파일로 저장되었습니다: /workspace/MANTIS/results/epubcheck/1605b/MANTIS-tests/epubcheck/CssParser/scenario_output/parse/scenario_0.json

[INFO] org.idpf.epubcheck.util.css.CssParser parse 시나리오 생성이 완료되었습니다!
[INFO] org.idpf.epubcheck.util.css.CssParser parse 시나리오 후처리 시작
[INFO] org.idpf.epubcheck.util.css.CssParser parse 시나리오 후처리가 완료되었습니다!
[OK] scenario generated: org.idpf.epubcheck.util.css.CssParser
[INFO] org.idpf.epubcheck.util.css.CssParser parse 테스트 코드 생성 시작
[INFO] org.idpf.epubcheck.util.css.CssParser 모델 `o4-mini` 선택됨.

[INFO] org.idpf.epubcheck.util.css.CssParser 프롬프트 설정 완료!
[INFO] '
/workspace/buggy/epubcheck-1605/src/main/java/org/idpf/epubcheck/util/css/CssParser.java' 파일의 코드를 o4-mini 모델로 테스트 생성 처리 중...
[INFO] 응답이 JSON 파일로 저장되었습니다: /workspace/MANTIS/results/epubcheck/1605b/MANTIS-tests/epubcheck/CssParser/test_output/parse/test_0.json

[INFO] org.idpf.epubcheck.util.css.CssParser  테스트 생성이 완료되었습니다!
[INFO] org.idpf.epubcheck.util.css.CssParser parse 테스트 코드 후처리 시작
[INFO] org.idpf.epubcheck.util.css.CssParser_parse_0_Test.java 저장 완료.
[FIXED] parse: /workspace/MANTIS/results/epubcheck/1605b/MANTIS-tests/epubcheck/CssParser/test_output/parse/CssParser_parse_0_Test.java -> ['class rename: CssParser_parse_Test -> CssParser_parse_0_Test', 'ensure public top-level type']
[OK] test generated: org.idpf.epubcheck.util.css.CssParser
Preprocessed: /workspace/MANTIS/results/epubcheck/1605b/MANTIS-tests/epubcheck/CssParser/test_output/parse/CssParser_parse_0_Test.java -> /workspace/buggy/epubcheck-1605/MANTIS-tests/org/idpf/epubcheck/util/css/CssParser_parse_0_Test.java

=== Processing CssParser parse ===
[INFO] Project root : /workspace/buggy/epubcheck-1605
[INFO] Running Maven: /usr/local/bin/mvn clean test -Dtest=CssParser_parse_0_Test -Dmaven.test.failure.ignore=true -Drat.skip=true org.jacoco:jacoco-maven-plugin:report
** Saved stdout to /workspace/MANTIS/results/epubcheck/1605b/MANTIS-tests/epubcheck/CssParser/execution_logs/CssParser_parse_outLog.txt
[저장된 정보] Tests run: 5, Failures: 2, Errors: 0, Skipped: 0
[COVERAGE-METHOD] org.idpf.epubcheck.util.css.CssParser#parse
  - LINE   : missed=2, covered=13, pct=86.67%
  - BRANCH : missed=0, covered=4, pct=100.00%
[DONE] org.idpf.epubcheck.util.css.CssParser parse finished execution.
[INFO] orchestrator finished.
