[INFO] Loaded 1 MANTIS instances.
[INFO] org.semver4j.Semver parse 시나리오 생성 시작
[INFO] org.semver4j.Semver 모델 `o4-mini` 선택됨.

[INFO] org.semver4j.Semver parse 프롬프트 설정 완료!
[INFO] '
/workspace/buggy/semver4j-5/src/main/java/org/semver4j/Semver.java' 파일의 코드를 o4-mini 모델로 시나리오 생성 처리 중...
[INFO] 응답이 JSON 파일로 저장되었습니다: /workspace/MANTIS/results/semver4j/5b/MANTIS-tests/semver4j/Semver/scenario_output/parse/scenario_0.json

[INFO] org.semver4j.Semver parse 시나리오 생성이 완료되었습니다!
[INFO] org.semver4j.Semver parse 시나리오 후처리 시작
[INFO] org.semver4j.Semver parse 시나리오 후처리가 완료되었습니다!
[OK] scenario generated: org.semver4j.Semver
[INFO] org.semver4j.Semver parse 테스트 코드 생성 시작
[INFO] org.semver4j.Semver 모델 `o4-mini` 선택됨.

[INFO] org.semver4j.Semver 프롬프트 설정 완료!
[INFO] '
/workspace/buggy/semver4j-5/src/main/java/org/semver4j/Semver.java' 파일의 코드를 o4-mini 모델로 테스트 생성 처리 중...
[INFO] 응답이 JSON 파일로 저장되었습니다: /workspace/MANTIS/results/semver4j/5b/MANTIS-tests/semver4j/Semver/test_output/parse/test_0.json

[INFO] org.semver4j.Semver  테스트 생성이 완료되었습니다!
[INFO] org.semver4j.Semver parse 테스트 코드 후처리 시작
[INFO] org.semver4j.Semver_parse_0_Test.java 저장 완료.
[FIXED] parse: /workspace/MANTIS/results/semver4j/5b/MANTIS-tests/semver4j/Semver/test_output/parse/Semver_parse_0_Test.java -> ['class rename: Semver_parse_Test -> Semver_parse_0_Test', 'ensure public top-level type']
[OK] test generated: org.semver4j.Semver
Preprocessed: /workspace/MANTIS/results/semver4j/5b/MANTIS-tests/semver4j/Semver/test_output/parse/Semver_parse_0_Test.java -> /workspace/buggy/semver4j-5/MANTIS-tests/org/semver4j/Semver_parse_0_Test.java

=== Processing Semver parse ===
[INFO] Project root : /workspace/buggy/semver4j-5
[INFO] Running Maven: /usr/local/bin/mvn clean test -Dtest=Semver_parse_0_Test -Dmaven.test.failure.ignore=true -Drat.skip=true org.jacoco:jacoco-maven-plugin:report
** Saved stdout to /workspace/MANTIS/results/semver4j/5b/MANTIS-tests/semver4j/Semver/execution_logs/Semver_parse_outLog.txt
[저장된 정보] Tests run: 0, Failures: 0, Errors: 0, Skipped: 0
[ERROR] jacoco.xml not found: /workspace/buggy/semver4j-5/target/site/jacoco/jacoco.xml
[INFO] org.semver4j.Semver parse 개선 1 생성 시작
[INFO] org.semver4j.Semver 모델 `o4-mini` 선택됨.

[INFO] org.semver4j.Semver 프롬프트 설정 완료!
[INFO] '
/workspace/buggy/semver4j-5/src/main/java/org/semver4j/Semver.java' 파일의 코드를 o4-mini 모델로 시나리오 생성 처리 중...
[INFO] 응답이 JSON 파일로 저장되었습니다: /workspace/MANTIS/results/semver4j/5b/MANTIS-tests/semver4j/Semver/scenario_output/parse/scenario_1.json

[INFO] org.semver4j.Semver parse 시나리오 생성이 완료되었습니다!
[INFO] org.semver4j.Semver parse 시나리오 후처리 시작
[WARN] scenarios is not a dict. Saved as single file: /workspace/MANTIS/results/semver4j/5b/MANTIS-tests/semver4j/Semver/scenario_output/parse/parse_1.json
[INFO] org.semver4j.Semver 시나리오 후처리가 완료되었습니다!
[OK] enhance generated: org.semver4j.Semver
[INFO] org.semver4j.Semver parse 테스트 코드 생성 시작
[INFO] org.semver4j.Semver 모델 `o4-mini` 선택됨.

[INFO] org.semver4j.Semver 프롬프트 설정 완료!
[INFO] '
/workspace/buggy/semver4j-5/src/main/java/org/semver4j/Semver.java' 파일의 코드를 o4-mini 모델로 테스트 생성 처리 중...
[INFO] 응답이 JSON 파일로 저장되었습니다: /workspace/MANTIS/results/semver4j/5b/MANTIS-tests/semver4j/Semver/test_output/parse/test_1.json

[INFO] org.semver4j.Semver  테스트 생성이 완료되었습니다!
[INFO] org.semver4j.Semver parse 테스트 코드 후처리 시작
[INFO] org.semver4j.Semver_parse_1_Test.java 저장 완료.
[OK] parse: /workspace/MANTIS/results/semver4j/5b/MANTIS-tests/semver4j/Semver/test_output/parse/Semver_parse_0_Test.java
[FIXED] parse: /workspace/MANTIS/results/semver4j/5b/MANTIS-tests/semver4j/Semver/test_output/parse/Semver_parse_1_Test.java -> ["package -> 'org.semver4j'", 'class rename: Semver_parse_Test -> Semver_parse_1_Test', 'ensure public top-level type']
[OK] test generated: org.semver4j.Semver
Preprocessed: /workspace/MANTIS/results/semver4j/5b/MANTIS-tests/semver4j/Semver/test_output/parse/Semver_parse_1_Test.java -> /workspace/buggy/semver4j-5/MANTIS-tests/org/semver4j/Semver_parse_1_Test.java

=== Processing Semver parse ===
[INFO] Project root : /workspace/buggy/semver4j-5
[INFO] Running Maven: /usr/local/bin/mvn clean test -Dtest=Semver_parse_1_Test -Dmaven.test.failure.ignore=true -Drat.skip=true org.jacoco:jacoco-maven-plugin:report
** Saved stdout to /workspace/MANTIS/results/semver4j/5b/MANTIS-tests/semver4j/Semver/execution_logs/Semver_parse_outLog.txt
[저장된 정보] Tests run: 0, Failures: 0, Errors: 0, Skipped: 0
[ERROR] jacoco.xml not found: /workspace/buggy/semver4j-5/target/site/jacoco/jacoco.xml

=== Processing Semver parse ===
[INFO] Project root : /workspace/buggy/semver4j-5
[INFO] Running Maven: /usr/local/bin/mvn clean test -Dmaven.test.failure.ignore=true -Drat.skip=true org.jacoco:jacoco-maven-plugin:report
** Saved stdout to /workspace/MANTIS/results/semver4j/5b/MANTIS-tests/semver4j/Semver/execution_logs/Semver_parse_outLog.txt
[저장된 정보] Tests run: 0, Failures: 0, Errors: 0, Skipped: 0
[ERROR] jacoco.xml not found: /workspace/buggy/semver4j-5/target/site/jacoco/jacoco.xml
[INFO] org.semver4j.Semver parse 개선 2 생성 시작
[INFO] org.semver4j.Semver 모델 `o4-mini` 선택됨.

[INFO] org.semver4j.Semver 프롬프트 설정 완료!
[INFO] '
/workspace/buggy/semver4j-5/src/main/java/org/semver4j/Semver.java' 파일의 코드를 o4-mini 모델로 시나리오 생성 처리 중...
[INFO] 응답이 JSON 파일로 저장되었습니다: /workspace/MANTIS/results/semver4j/5b/MANTIS-tests/semver4j/Semver/scenario_output/parse/scenario_2.json

[INFO] org.semver4j.Semver parse 시나리오 생성이 완료되었습니다!
[INFO] org.semver4j.Semver parse 시나리오 후처리 시작
[WARN] scenarios is not a dict. Saved as single file: /workspace/MANTIS/results/semver4j/5b/MANTIS-tests/semver4j/Semver/scenario_output/parse/parse_2.json
[INFO] org.semver4j.Semver 시나리오 후처리가 완료되었습니다!
[OK] enhance generated: org.semver4j.Semver
[INFO] org.semver4j.Semver parse 테스트 코드 생성 시작
[INFO] org.semver4j.Semver 모델 `o4-mini` 선택됨.

[INFO] org.semver4j.Semver 프롬프트 설정 완료!
[INFO] '
/workspace/buggy/semver4j-5/src/main/java/org/semver4j/Semver.java' 파일의 코드를 o4-mini 모델로 테스트 생성 처리 중...
[INFO] 응답이 JSON 파일로 저장되었습니다: /workspace/MANTIS/results/semver4j/5b/MANTIS-tests/semver4j/Semver/test_output/parse/test_2.json

[INFO] org.semver4j.Semver  테스트 생성이 완료되었습니다!
[INFO] org.semver4j.Semver parse 테스트 코드 후처리 시작
[INFO] org.semver4j.Semver_parse_2_Test.java 저장 완료.
[OK] parse: /workspace/MANTIS/results/semver4j/5b/MANTIS-tests/semver4j/Semver/test_output/parse/Semver_parse_0_Test.java
[OK] parse: /workspace/MANTIS/results/semver4j/5b/MANTIS-tests/semver4j/Semver/test_output/parse/Semver_parse_1_Test.java
[FIXED] parse: /workspace/MANTIS/results/semver4j/5b/MANTIS-tests/semver4j/Semver/test_output/parse/Semver_parse_2_Test.java -> ['class rename: Semver_parse_Test -> Semver_parse_2_Test', 'ensure public top-level type']
[OK] test generated: org.semver4j.Semver
Preprocessed: /workspace/MANTIS/results/semver4j/5b/MANTIS-tests/semver4j/Semver/test_output/parse/Semver_parse_2_Test.java -> /workspace/buggy/semver4j-5/MANTIS-tests/org/semver4j/Semver_parse_2_Test.java

=== Processing Semver parse ===
[INFO] Project root : /workspace/buggy/semver4j-5
[INFO] Running Maven: /usr/local/bin/mvn clean test -Dtest=Semver_parse_2_Test -Dmaven.test.failure.ignore=true -Drat.skip=true org.jacoco:jacoco-maven-plugin:report
** Saved stdout to /workspace/MANTIS/results/semver4j/5b/MANTIS-tests/semver4j/Semver/execution_logs/Semver_parse_outLog.txt
[저장된 정보] Tests run: 0, Failures: 0, Errors: 0, Skipped: 0
[ERROR] jacoco.xml not found: /workspace/buggy/semver4j-5/target/site/jacoco/jacoco.xml

=== Processing Semver parse ===
[INFO] Project root : /workspace/buggy/semver4j-5
[INFO] Running Maven: /usr/local/bin/mvn clean test -Dmaven.test.failure.ignore=true -Drat.skip=true org.jacoco:jacoco-maven-plugin:report
** Saved stdout to /workspace/MANTIS/results/semver4j/5b/MANTIS-tests/semver4j/Semver/execution_logs/Semver_parse_outLog.txt
[저장된 정보] Tests run: 0, Failures: 0, Errors: 0, Skipped: 0
[ERROR] jacoco.xml not found: /workspace/buggy/semver4j-5/target/site/jacoco/jacoco.xml
[DONE] org.semver4j.Semver parse finished execution.
[INFO] orchestrator finished.
