[INFO] Loaded 3 MANTIS instances.
[INFO] org.jsoup.nodes.Element dataset 시나리오 생성 시작
[INFO] org.jsoup.nodes.Element 모델 `o4-mini` 선택됨.

[INFO] org.jsoup.nodes.Document outputSettings 시나리오 생성 시작
[INFO] org.jsoup.nodes.Document 모델 `o4-mini` 선택됨.

[INFO] org.jsoup.nodes.Element dataset 프롬프트 설정 완료!
[INFO] '
/workspace/buggy/jsoup-jsoup-2235/src/main/java/org/jsoup/nodes/Element.java' 파일의 코드를 o4-mini 모델로 시나리오 생성 처리 중...
[INFO] org.jsoup.nodes.Element attr 시나리오 생성 시작
[INFO] org.jsoup.nodes.Element 모델 `o4-mini` 선택됨.

[INFO] org.jsoup.nodes.Document outputSettings 프롬프트 설정 완료!
[INFO] '
/workspace/buggy/jsoup-jsoup-2235/src/main/java/org/jsoup/nodes/Document.java' 파일의 코드를 o4-mini 모델로 시나리오 생성 처리 중...
[INFO] org.jsoup.nodes.Element attr 프롬프트 설정 완료!
[INFO] '
/workspace/buggy/jsoup-jsoup-2235/src/main/java/org/jsoup/nodes/Element.java' 파일의 코드를 o4-mini 모델로 시나리오 생성 처리 중...
[INFO] 응답이 JSON 파일로 저장되었습니다: /workspace/MANTIS/results/jsoup-jsoup/2235b/MANTIS-tests/jsoup-jsoup/Document/scenario_output/outputSettings/scenario_0.json

[INFO] org.jsoup.nodes.Document outputSettings 시나리오 생성이 완료되었습니다!
[INFO] org.jsoup.nodes.Document outputSettings 시나리오 후처리 시작
[INFO] org.jsoup.nodes.Document outputSettings 시나리오 후처리가 완료되었습니다!
[OK] scenario generated: org.jsoup.nodes.Document
[INFO] org.jsoup.nodes.Document outputSettings 테스트 코드 생성 시작
[INFO] org.jsoup.nodes.Document 모델 `o4-mini` 선택됨.

[INFO] org.jsoup.nodes.Document 프롬프트 설정 완료!
[INFO] '
/workspace/buggy/jsoup-jsoup-2235/src/main/java/org/jsoup/nodes/Document.java' 파일의 코드를 o4-mini 모델로 테스트 생성 처리 중...
[INFO] 응답이 JSON 파일로 저장되었습니다: /workspace/MANTIS/results/jsoup-jsoup/2235b/MANTIS-tests/jsoup-jsoup/Element/scenario_output/dataset/scenario_0.json

[INFO] org.jsoup.nodes.Element dataset 시나리오 생성이 완료되었습니다!
[INFO] org.jsoup.nodes.Element dataset 시나리오 후처리 시작
[INFO] org.jsoup.nodes.Element dataset 시나리오 후처리가 완료되었습니다!
[OK] scenario generated: org.jsoup.nodes.Element
[INFO] org.jsoup.nodes.Element dataset 테스트 코드 생성 시작
[INFO] org.jsoup.nodes.Element 모델 `o4-mini` 선택됨.

[INFO] org.jsoup.nodes.Element 프롬프트 설정 완료!
[INFO] '
/workspace/buggy/jsoup-jsoup-2235/src/main/java/org/jsoup/nodes/Element.java' 파일의 코드를 o4-mini 모델로 테스트 생성 처리 중...
[INFO] 응답이 JSON 파일로 저장되었습니다: /workspace/MANTIS/results/jsoup-jsoup/2235b/MANTIS-tests/jsoup-jsoup/Document/test_output/outputSettings/test_0.json

[INFO] org.jsoup.nodes.Document  테스트 생성이 완료되었습니다!
[INFO] org.jsoup.nodes.Document outputSettings 테스트 코드 후처리 시작
[INFO] org.jsoup.nodes.Document_outputSettings_0_Test.java 저장 완료.
[FIXED] outputSettings: /workspace/MANTIS/results/jsoup-jsoup/2235b/MANTIS-tests/jsoup-jsoup/Document/test_output/outputSettings/Document_outputSettings_0_Test.java -> ['class rename: Document_outputSettings_Test -> Document_outputSettings_0_Test', 'ensure public top-level type']
[OK] test generated: org.jsoup.nodes.Document
Preprocessed: /workspace/MANTIS/results/jsoup-jsoup/2235b/MANTIS-tests/jsoup-jsoup/Document/test_output/outputSettings/Document_outputSettings_0_Test.java -> /workspace/buggy/jsoup-jsoup-2235/MANTIS-tests/org/jsoup/nodes/Document_outputSettings_0_Test.java

=== Processing Document outputSettings ===
[INFO] Project root : /workspace/buggy/jsoup-jsoup-2235
[INFO] Running Maven: /usr/local/bin/mvn clean test -Dtest=Document_outputSettings_0_Test -Dmaven.test.failure.ignore=true -Drat.skip=true org.jacoco:jacoco-maven-plugin:report
[INFO] 응답이 JSON 파일로 저장되었습니다: /workspace/MANTIS/results/jsoup-jsoup/2235b/MANTIS-tests/jsoup-jsoup/Element/scenario_output/attr/scenario_0.json

[INFO] org.jsoup.nodes.Element attr 시나리오 생성이 완료되었습니다!
[INFO] org.jsoup.nodes.Element attr 시나리오 후처리 시작
[INFO] org.jsoup.nodes.Element attr 시나리오 후처리가 완료되었습니다!
[OK] scenario generated: org.jsoup.nodes.Element
[INFO] org.jsoup.nodes.Element attr 테스트 코드 생성 시작
[INFO] org.jsoup.nodes.Element 모델 `o4-mini` 선택됨.

[INFO] org.jsoup.nodes.Element 프롬프트 설정 완료!
[INFO] '
/workspace/buggy/jsoup-jsoup-2235/src/main/java/org/jsoup/nodes/Element.java' 파일의 코드를 o4-mini 모델로 테스트 생성 처리 중...
** Saved stdout to /workspace/MANTIS/results/jsoup-jsoup/2235b/MANTIS-tests/jsoup-jsoup/Document/execution_logs/Document_outputSettings_outLog.txt
[저장된 정보] Tests run: 2, Failures: 0, Errors: 0, Skipped: 0
[COVERAGE-METHOD] org.jsoup.nodes.Document#outputSettings
  - LINE   : missed=0, covered=4, pct=100.00%
  - BRANCH : missed=0, covered=0, pct=0.00%
[INFO] 응답이 JSON 파일로 저장되었습니다: /workspace/MANTIS/results/jsoup-jsoup/2235b/MANTIS-tests/jsoup-jsoup/Element/test_output/dataset/test_0.json

[INFO] org.jsoup.nodes.Element  테스트 생성이 완료되었습니다!
[INFO] org.jsoup.nodes.Element dataset 테스트 코드 후처리 시작
[INFO] org.jsoup.nodes.Element_dataset_0_Test.java 저장 완료.
[FIXED] dataset: /workspace/MANTIS/results/jsoup-jsoup/2235b/MANTIS-tests/jsoup-jsoup/Element/test_output/dataset/Element_dataset_0_Test.java -> ['class rename: Element_dataset_Test -> Element_dataset_0_Test', 'ensure public top-level type']
[OK] test generated: org.jsoup.nodes.Element
Preprocessed: /workspace/MANTIS/results/jsoup-jsoup/2235b/MANTIS-tests/jsoup-jsoup/Element/test_output/dataset/Element_dataset_0_Test.java -> /workspace/buggy/jsoup-jsoup-2235/MANTIS-tests/org/jsoup/nodes/Element_dataset_0_Test.java

=== Processing Element dataset ===
[INFO] Project root : /workspace/buggy/jsoup-jsoup-2235
[INFO] Running Maven: /usr/local/bin/mvn clean test -Dtest=Element_dataset_0_Test -Dmaven.test.failure.ignore=true -Drat.skip=true org.jacoco:jacoco-maven-plugin:report
[INFO] org.jsoup.nodes.Document outputSettings 개선 1 생성 시작
[INFO] org.jsoup.nodes.Document 모델 `o4-mini` 선택됨.

[INFO] org.jsoup.nodes.Document 프롬프트 설정 완료!
[INFO] '
/workspace/buggy/jsoup-jsoup-2235/src/main/java/org/jsoup/nodes/Document.java' 파일의 코드를 o4-mini 모델로 시나리오 생성 처리 중...
[INFO] 응답이 JSON 파일로 저장되었습니다: /workspace/MANTIS/results/jsoup-jsoup/2235b/MANTIS-tests/jsoup-jsoup/Element/test_output/attr/test_0.json

[INFO] org.jsoup.nodes.Element  테스트 생성이 완료되었습니다!
[INFO] org.jsoup.nodes.Element attr 테스트 코드 후처리 시작
[INFO] org.jsoup.nodes.Element_attr_0_Test.java 저장 완료.
[FIXED] attr: /workspace/MANTIS/results/jsoup-jsoup/2235b/MANTIS-tests/jsoup-jsoup/Element/test_output/attr/Element_attr_0_Test.java -> ["package -> 'org.jsoup.nodes'", 'class rename: Element_attr_Test -> Element_attr_0_Test', 'ensure public top-level type']
[OK] test generated: org.jsoup.nodes.Element
[INFO] 응답이 JSON 파일로 저장되었습니다: /workspace/MANTIS/results/jsoup-jsoup/2235b/MANTIS-tests/jsoup-jsoup/Document/scenario_output/outputSettings/scenario_1.json

[INFO] org.jsoup.nodes.Document outputSettings 시나리오 생성이 완료되었습니다!
[INFO] org.jsoup.nodes.Document outputSettings 시나리오 후처리 시작
[WARN] scenarios is not a dict. Saved as single file: /workspace/MANTIS/results/jsoup-jsoup/2235b/MANTIS-tests/jsoup-jsoup/Document/scenario_output/outputSettings/outputSettings_1.json
[INFO] org.jsoup.nodes.Document 시나리오 후처리가 완료되었습니다!
[OK] enhance generated: org.jsoup.nodes.Document
[INFO] org.jsoup.nodes.Document outputSettings 테스트 코드 생성 시작
[INFO] org.jsoup.nodes.Document 모델 `o4-mini` 선택됨.

[INFO] org.jsoup.nodes.Document 프롬프트 설정 완료!
[INFO] '
/workspace/buggy/jsoup-jsoup-2235/src/main/java/org/jsoup/nodes/Document.java' 파일의 코드를 o4-mini 모델로 테스트 생성 처리 중...
** Saved stdout to /workspace/MANTIS/results/jsoup-jsoup/2235b/MANTIS-tests/jsoup-jsoup/Element/execution_logs/Element_dataset_outLog.txt
[저장된 정보] Tests run: 4, Failures: 0, Errors: 0, Skipped: 0
[COVERAGE-METHOD] org.jsoup.nodes.Element#dataset
  - LINE   : missed=0, covered=1, pct=100.00%
  - BRANCH : missed=0, covered=0, pct=0.00%
Preprocessed: /workspace/MANTIS/results/jsoup-jsoup/2235b/MANTIS-tests/jsoup-jsoup/Element/test_output/attr/Element_attr_0_Test.java -> /workspace/buggy/jsoup-jsoup-2235/MANTIS-tests/org/jsoup/nodes/Element_attr_0_Test.java

=== Processing Element attr ===
[INFO] Project root : /workspace/buggy/jsoup-jsoup-2235
[INFO] Running Maven: /usr/local/bin/mvn clean test -Dtest=Element_attr_0_Test -Dmaven.test.failure.ignore=true -Drat.skip=true org.jacoco:jacoco-maven-plugin:report
[INFO] 응답이 JSON 파일로 저장되었습니다: /workspace/MANTIS/results/jsoup-jsoup/2235b/MANTIS-tests/jsoup-jsoup/Document/test_output/outputSettings/test_1.json

[INFO] org.jsoup.nodes.Document  테스트 생성이 완료되었습니다!
[INFO] org.jsoup.nodes.Document outputSettings 테스트 코드 후처리 시작
[INFO] org.jsoup.nodes.Document_outputSettings_1_Test.java 저장 완료.
[OK] outputSettings: /workspace/MANTIS/results/jsoup-jsoup/2235b/MANTIS-tests/jsoup-jsoup/Document/test_output/outputSettings/Document_outputSettings_0_Test.java
[FIXED] outputSettings: /workspace/MANTIS/results/jsoup-jsoup/2235b/MANTIS-tests/jsoup-jsoup/Document/test_output/outputSettings/Document_outputSettings_1_Test.java -> ['class rename: Document_outputSettings_Test -> Document_outputSettings_1_Test', 'ensure public top-level type']
[OK] test generated: org.jsoup.nodes.Document
[INFO] org.jsoup.nodes.Element dataset 개선 1 생성 시작
[INFO] org.jsoup.nodes.Element 모델 `o4-mini` 선택됨.

[INFO] org.jsoup.nodes.Element 프롬프트 설정 완료!
[INFO] '
/workspace/buggy/jsoup-jsoup-2235/src/main/java/org/jsoup/nodes/Element.java' 파일의 코드를 o4-mini 모델로 시나리오 생성 처리 중...
** Saved stdout to /workspace/MANTIS/results/jsoup-jsoup/2235b/MANTIS-tests/jsoup-jsoup/Element/execution_logs/Element_attr_outLog.txt
[저장된 정보] Tests run: 6, Failures: 1, Errors: 0, Skipped: 0
[COVERAGE-METHOD] org.jsoup.nodes.Element#attr
  - LINE   : missed=0, covered=4, pct=100.00%
  - BRANCH : missed=0, covered=0, pct=0.00%
Preprocessed: /workspace/MANTIS/results/jsoup-jsoup/2235b/MANTIS-tests/jsoup-jsoup/Document/test_output/outputSettings/Document_outputSettings_1_Test.java -> /workspace/buggy/jsoup-jsoup-2235/MANTIS-tests/org/jsoup/nodes/Document_outputSettings_1_Test.java

=== Processing Document outputSettings ===
[INFO] Project root : /workspace/buggy/jsoup-jsoup-2235
[INFO] Running Maven: /usr/local/bin/mvn clean test -Dtest=Document_outputSettings_1_Test -Dmaven.test.failure.ignore=true -Drat.skip=true org.jacoco:jacoco-maven-plugin:report
** Saved stdout to /workspace/MANTIS/results/jsoup-jsoup/2235b/MANTIS-tests/jsoup-jsoup/Document/execution_logs/Document_outputSettings_outLog.txt
[저장된 정보] Tests run: 1, Failures: 0, Errors: 0, Skipped: 0
[COVERAGE-METHOD] org.jsoup.nodes.Document#outputSettings
  - LINE   : missed=4, covered=0, pct=0.00%
  - BRANCH : missed=0, covered=0, pct=0.00%

=== Processing Document outputSettings ===
[INFO] Project root : /workspace/buggy/jsoup-jsoup-2235
[INFO] Running Maven: /usr/local/bin/mvn clean test -Dmaven.test.failure.ignore=true -Drat.skip=true org.jacoco:jacoco-maven-plugin:report
[INFO] 응답이 JSON 파일로 저장되었습니다: /workspace/MANTIS/results/jsoup-jsoup/2235b/MANTIS-tests/jsoup-jsoup/Element/scenario_output/dataset/scenario_1.json

[INFO] org.jsoup.nodes.Element dataset 시나리오 생성이 완료되었습니다!
[INFO] org.jsoup.nodes.Element dataset 시나리오 후처리 시작
[WARN] scenarios is not a dict. Saved as single file: /workspace/MANTIS/results/jsoup-jsoup/2235b/MANTIS-tests/jsoup-jsoup/Element/scenario_output/dataset/dataset_1.json
[INFO] org.jsoup.nodes.Element 시나리오 후처리가 완료되었습니다!
[OK] enhance generated: org.jsoup.nodes.Element
[INFO] org.jsoup.nodes.Element dataset 테스트 코드 생성 시작
[INFO] org.jsoup.nodes.Element 모델 `o4-mini` 선택됨.

[INFO] org.jsoup.nodes.Element 프롬프트 설정 완료!
[INFO] '
/workspace/buggy/jsoup-jsoup-2235/src/main/java/org/jsoup/nodes/Element.java' 파일의 코드를 o4-mini 모델로 테스트 생성 처리 중...
[INFO] org.jsoup.nodes.Element attr 개선 1 생성 시작
[INFO] org.jsoup.nodes.Element 모델 `o4-mini` 선택됨.

[INFO] org.jsoup.nodes.Element 프롬프트 설정 완료!
[INFO] '
/workspace/buggy/jsoup-jsoup-2235/src/main/java/org/jsoup/nodes/Element.java' 파일의 코드를 o4-mini 모델로 시나리오 생성 처리 중...
** Saved stdout to /workspace/MANTIS/results/jsoup-jsoup/2235b/MANTIS-tests/jsoup-jsoup/Document/execution_logs/Document_outputSettings_outLog.txt
[저장된 정보] Tests run: 13, Failures: 1, Errors: 0, Skipped: 0
[COVERAGE-METHOD] org.jsoup.nodes.Document#outputSettings
  - LINE   : missed=0, covered=4, pct=100.00%
  - BRANCH : missed=0, covered=0, pct=0.00%
[INFO] 응답이 JSON 파일로 저장되었습니다: /workspace/MANTIS/results/jsoup-jsoup/2235b/MANTIS-tests/jsoup-jsoup/Element/test_output/dataset/test_1.json

[INFO] org.jsoup.nodes.Element  테스트 생성이 완료되었습니다!
[INFO] org.jsoup.nodes.Element dataset 테스트 코드 후처리 시작
[INFO] org.jsoup.nodes.Element_dataset_1_Test.java 저장 완료.
[OK] dataset: /workspace/MANTIS/results/jsoup-jsoup/2235b/MANTIS-tests/jsoup-jsoup/Element/test_output/dataset/Element_dataset_0_Test.java
[FIXED] dataset: /workspace/MANTIS/results/jsoup-jsoup/2235b/MANTIS-tests/jsoup-jsoup/Element/test_output/dataset/Element_dataset_1_Test.java -> ["package -> 'org.jsoup.nodes'", 'class rename: org_jsoup_nodes_Element_dataset_Test -> Element_dataset_1_Test', 'ensure public top-level type']
[OK] test generated: org.jsoup.nodes.Element
Preprocessed: /workspace/MANTIS/results/jsoup-jsoup/2235b/MANTIS-tests/jsoup-jsoup/Element/test_output/dataset/Element_dataset_1_Test.java -> /workspace/buggy/jsoup-jsoup-2235/MANTIS-tests/org/jsoup/nodes/Element_dataset_1_Test.java

=== Processing Element dataset ===
[INFO] Project root : /workspace/buggy/jsoup-jsoup-2235
[INFO] Running Maven: /usr/local/bin/mvn clean test -Dtest=Element_dataset_1_Test -Dmaven.test.failure.ignore=true -Drat.skip=true org.jacoco:jacoco-maven-plugin:report
[INFO] org.jsoup.nodes.Document outputSettings 개선 2 생성 시작
[INFO] org.jsoup.nodes.Document 모델 `o4-mini` 선택됨.

[INFO] org.jsoup.nodes.Document 프롬프트 설정 완료!
[INFO] '
/workspace/buggy/jsoup-jsoup-2235/src/main/java/org/jsoup/nodes/Document.java' 파일의 코드를 o4-mini 모델로 시나리오 생성 처리 중...
[INFO] 응답이 JSON 파일로 저장되었습니다: /workspace/MANTIS/results/jsoup-jsoup/2235b/MANTIS-tests/jsoup-jsoup/Element/scenario_output/attr/scenario_1.json

[INFO] org.jsoup.nodes.Element attr 시나리오 생성이 완료되었습니다!
[INFO] org.jsoup.nodes.Element attr 시나리오 후처리 시작
[WARN] scenarios is not a dict. Saved as single file: /workspace/MANTIS/results/jsoup-jsoup/2235b/MANTIS-tests/jsoup-jsoup/Element/scenario_output/attr/attr_1.json
[INFO] org.jsoup.nodes.Element 시나리오 후처리가 완료되었습니다!
[OK] enhance generated: org.jsoup.nodes.Element
[INFO] org.jsoup.nodes.Element attr 테스트 코드 생성 시작
[INFO] org.jsoup.nodes.Element 모델 `o4-mini` 선택됨.

[INFO] org.jsoup.nodes.Element 프롬프트 설정 완료!
[INFO] '
/workspace/buggy/jsoup-jsoup-2235/src/main/java/org/jsoup/nodes/Element.java' 파일의 코드를 o4-mini 모델로 테스트 생성 처리 중...
** Saved stdout to /workspace/MANTIS/results/jsoup-jsoup/2235b/MANTIS-tests/jsoup-jsoup/Element/execution_logs/Element_dataset_outLog.txt
[저장된 정보] Tests run: 3, Failures: 3, Errors: 0, Skipped: 0
[COVERAGE-METHOD] org.jsoup.nodes.Element#dataset
  - LINE   : missed=0, covered=1, pct=100.00%
  - BRANCH : missed=0, covered=0, pct=0.00%

=== Processing Element dataset ===
[INFO] Project root : /workspace/buggy/jsoup-jsoup-2235
[INFO] Running Maven: /usr/local/bin/mvn clean test -Dmaven.test.failure.ignore=true -Drat.skip=true org.jacoco:jacoco-maven-plugin:report
[INFO] 응답이 JSON 파일로 저장되었습니다: /workspace/MANTIS/results/jsoup-jsoup/2235b/MANTIS-tests/jsoup-jsoup/Document/scenario_output/outputSettings/scenario_2.json

[INFO] org.jsoup.nodes.Document outputSettings 시나리오 생성이 완료되었습니다!
[INFO] org.jsoup.nodes.Document outputSettings 시나리오 후처리 시작
[WARN] scenarios is not a dict. Saved as single file: /workspace/MANTIS/results/jsoup-jsoup/2235b/MANTIS-tests/jsoup-jsoup/Document/scenario_output/outputSettings/outputSettings_2.json
[INFO] org.jsoup.nodes.Document 시나리오 후처리가 완료되었습니다!
[OK] enhance generated: org.jsoup.nodes.Document
[INFO] org.jsoup.nodes.Document outputSettings 테스트 코드 생성 시작
[INFO] org.jsoup.nodes.Document 모델 `o4-mini` 선택됨.

[INFO] org.jsoup.nodes.Document 프롬프트 설정 완료!
[INFO] '
/workspace/buggy/jsoup-jsoup-2235/src/main/java/org/jsoup/nodes/Document.java' 파일의 코드를 o4-mini 모델로 테스트 생성 처리 중...
[INFO] 응답이 JSON 파일로 저장되었습니다: /workspace/MANTIS/results/jsoup-jsoup/2235b/MANTIS-tests/jsoup-jsoup/Element/test_output/attr/test_1.json

[INFO] org.jsoup.nodes.Element  테스트 생성이 완료되었습니다!
[INFO] org.jsoup.nodes.Element attr 테스트 코드 후처리 시작
[INFO] org.jsoup.nodes.Element_attr_1_Test.java 저장 완료.
[OK] attr: /workspace/MANTIS/results/jsoup-jsoup/2235b/MANTIS-tests/jsoup-jsoup/Element/test_output/attr/Element_attr_0_Test.java
[FIXED] attr: /workspace/MANTIS/results/jsoup-jsoup/2235b/MANTIS-tests/jsoup-jsoup/Element/test_output/attr/Element_attr_1_Test.java -> ['class rename: Element_attr_Test -> Element_attr_1_Test', 'ensure public top-level type']
[OK] test generated: org.jsoup.nodes.Element
** Saved stdout to /workspace/MANTIS/results/jsoup-jsoup/2235b/MANTIS-tests/jsoup-jsoup/Element/execution_logs/Element_dataset_outLog.txt
[저장된 정보] Tests run: 16, Failures: 4, Errors: 0, Skipped: 0
[COVERAGE-METHOD] org.jsoup.nodes.Element#dataset
  - LINE   : missed=0, covered=1, pct=100.00%
  - BRANCH : missed=0, covered=0, pct=0.00%
Preprocessed: /workspace/MANTIS/results/jsoup-jsoup/2235b/MANTIS-tests/jsoup-jsoup/Element/test_output/attr/Element_attr_1_Test.java -> /workspace/buggy/jsoup-jsoup-2235/MANTIS-tests/org/jsoup/nodes/Element_attr_1_Test.java

=== Processing Element attr ===
[INFO] Project root : /workspace/buggy/jsoup-jsoup-2235
[INFO] Running Maven: /usr/local/bin/mvn clean test -Dtest=Element_attr_1_Test -Dmaven.test.failure.ignore=true -Drat.skip=true org.jacoco:jacoco-maven-plugin:report
[INFO] 응답이 JSON 파일로 저장되었습니다: /workspace/MANTIS/results/jsoup-jsoup/2235b/MANTIS-tests/jsoup-jsoup/Document/test_output/outputSettings/test_2.json

[INFO] org.jsoup.nodes.Document  테스트 생성이 완료되었습니다!
[INFO] org.jsoup.nodes.Document outputSettings 테스트 코드 후처리 시작
[INFO] org.jsoup.nodes.Document_outputSettings_2_Test.java 저장 완료.
[OK] outputSettings: /workspace/MANTIS/results/jsoup-jsoup/2235b/MANTIS-tests/jsoup-jsoup/Document/test_output/outputSettings/Document_outputSettings_0_Test.java
[OK] outputSettings: /workspace/MANTIS/results/jsoup-jsoup/2235b/MANTIS-tests/jsoup-jsoup/Document/test_output/outputSettings/Document_outputSettings_1_Test.java
[FIXED] outputSettings: /workspace/MANTIS/results/jsoup-jsoup/2235b/MANTIS-tests/jsoup-jsoup/Document/test_output/outputSettings/Document_outputSettings_2_Test.java -> ["package -> 'org.jsoup.nodes'", 'class rename: Document_outputSettings_Test -> Document_outputSettings_2_Test', 'ensure public top-level type']
[OK] test generated: org.jsoup.nodes.Document
[INFO] org.jsoup.nodes.Element dataset 개선 2 생성 시작
[INFO] org.jsoup.nodes.Element 모델 `o4-mini` 선택됨.

[INFO] org.jsoup.nodes.Element 프롬프트 설정 완료!
[INFO] '
/workspace/buggy/jsoup-jsoup-2235/src/main/java/org/jsoup/nodes/Element.java' 파일의 코드를 o4-mini 모델로 시나리오 생성 처리 중...
** Saved stdout to /workspace/MANTIS/results/jsoup-jsoup/2235b/MANTIS-tests/jsoup-jsoup/Element/execution_logs/Element_attr_outLog.txt
[저장된 정보] Tests run: 3, Failures: 2, Errors: 0, Skipped: 0
[COVERAGE-METHOD] org.jsoup.nodes.Element#attr
  - LINE   : missed=2, covered=2, pct=50.00%
  - BRANCH : missed=0, covered=0, pct=0.00%

=== Processing Element attr ===
[INFO] Project root : /workspace/buggy/jsoup-jsoup-2235
[INFO] Running Maven: /usr/local/bin/mvn clean test -Dmaven.test.failure.ignore=true -Drat.skip=true org.jacoco:jacoco-maven-plugin:report
** Saved stdout to /workspace/MANTIS/results/jsoup-jsoup/2235b/MANTIS-tests/jsoup-jsoup/Element/execution_logs/Element_attr_outLog.txt
[저장된 정보] Tests run: 19, Failures: 6, Errors: 0, Skipped: 0
[COVERAGE-METHOD] org.jsoup.nodes.Element#attr
  - LINE   : missed=0, covered=4, pct=100.00%
  - BRANCH : missed=0, covered=0, pct=0.00%
Preprocessed: /workspace/MANTIS/results/jsoup-jsoup/2235b/MANTIS-tests/jsoup-jsoup/Document/test_output/outputSettings/Document_outputSettings_2_Test.java -> /workspace/buggy/jsoup-jsoup-2235/MANTIS-tests/org/jsoup/nodes/Document_outputSettings_2_Test.java

=== Processing Document outputSettings ===
[INFO] Project root : /workspace/buggy/jsoup-jsoup-2235
[INFO] Running Maven: /usr/local/bin/mvn clean test -Dtest=Document_outputSettings_2_Test -Dmaven.test.failure.ignore=true -Drat.skip=true org.jacoco:jacoco-maven-plugin:report
[INFO] 응답이 JSON 파일로 저장되었습니다: /workspace/MANTIS/results/jsoup-jsoup/2235b/MANTIS-tests/jsoup-jsoup/Element/scenario_output/dataset/scenario_2.json

[INFO] org.jsoup.nodes.Element dataset 시나리오 생성이 완료되었습니다!
[INFO] org.jsoup.nodes.Element dataset 시나리오 후처리 시작
[WARN] scenarios is not a dict. Saved as single file: /workspace/MANTIS/results/jsoup-jsoup/2235b/MANTIS-tests/jsoup-jsoup/Element/scenario_output/dataset/dataset_2.json
[INFO] org.jsoup.nodes.Element 시나리오 후처리가 완료되었습니다!
[OK] enhance generated: org.jsoup.nodes.Element
[INFO] org.jsoup.nodes.Element dataset 테스트 코드 생성 시작
[INFO] org.jsoup.nodes.Element 모델 `o4-mini` 선택됨.

[INFO] org.jsoup.nodes.Element 프롬프트 설정 완료!
[INFO] '
/workspace/buggy/jsoup-jsoup-2235/src/main/java/org/jsoup/nodes/Element.java' 파일의 코드를 o4-mini 모델로 테스트 생성 처리 중...
[INFO] org.jsoup.nodes.Element attr 개선 2 생성 시작
[INFO] org.jsoup.nodes.Element 모델 `o4-mini` 선택됨.

[INFO] org.jsoup.nodes.Element 프롬프트 설정 완료!
[INFO] '
/workspace/buggy/jsoup-jsoup-2235/src/main/java/org/jsoup/nodes/Element.java' 파일의 코드를 o4-mini 모델로 시나리오 생성 처리 중...
** Saved stdout to /workspace/MANTIS/results/jsoup-jsoup/2235b/MANTIS-tests/jsoup-jsoup/Document/execution_logs/Document_outputSettings_outLog.txt
[저장된 정보] Tests run: 1, Failures: 0, Errors: 0, Skipped: 0
[COVERAGE-METHOD] org.jsoup.nodes.Document#outputSettings
  - LINE   : missed=0, covered=4, pct=100.00%
  - BRANCH : missed=0, covered=0, pct=0.00%

=== Processing Document outputSettings ===
[INFO] Project root : /workspace/buggy/jsoup-jsoup-2235
[INFO] Running Maven: /usr/local/bin/mvn clean test -Dmaven.test.failure.ignore=true -Drat.skip=true org.jacoco:jacoco-maven-plugin:report
** Saved stdout to /workspace/MANTIS/results/jsoup-jsoup/2235b/MANTIS-tests/jsoup-jsoup/Document/execution_logs/Document_outputSettings_outLog.txt
[저장된 정보] Tests run: 20, Failures: 6, Errors: 0, Skipped: 0
[COVERAGE-METHOD] org.jsoup.nodes.Document#outputSettings
  - LINE   : missed=0, covered=4, pct=100.00%
  - BRANCH : missed=0, covered=0, pct=0.00%
[DONE] org.jsoup.nodes.Document outputSettings finished execution.
[INFO] 응답이 JSON 파일로 저장되었습니다: /workspace/MANTIS/results/jsoup-jsoup/2235b/MANTIS-tests/jsoup-jsoup/Element/scenario_output/attr/scenario_2.json

[INFO] org.jsoup.nodes.Element attr 시나리오 생성이 완료되었습니다!
[INFO] org.jsoup.nodes.Element attr 시나리오 후처리 시작
[WARN] scenarios is not a dict. Saved as single file: /workspace/MANTIS/results/jsoup-jsoup/2235b/MANTIS-tests/jsoup-jsoup/Element/scenario_output/attr/attr_2.json
[INFO] org.jsoup.nodes.Element 시나리오 후처리가 완료되었습니다!
[OK] enhance generated: org.jsoup.nodes.Element
[INFO] org.jsoup.nodes.Element attr 테스트 코드 생성 시작
[INFO] org.jsoup.nodes.Element 모델 `o4-mini` 선택됨.

[INFO] org.jsoup.nodes.Element 프롬프트 설정 완료!
[INFO] '
/workspace/buggy/jsoup-jsoup-2235/src/main/java/org/jsoup/nodes/Element.java' 파일의 코드를 o4-mini 모델로 테스트 생성 처리 중...
[INFO] 응답이 JSON 파일로 저장되었습니다: /workspace/MANTIS/results/jsoup-jsoup/2235b/MANTIS-tests/jsoup-jsoup/Element/test_output/dataset/test_2.json

[INFO] org.jsoup.nodes.Element  테스트 생성이 완료되었습니다!
[INFO] org.jsoup.nodes.Element dataset 테스트 코드 후처리 시작
[INFO] org.jsoup.nodes.Element_dataset_2_Test.java 저장 완료.
[OK] dataset: /workspace/MANTIS/results/jsoup-jsoup/2235b/MANTIS-tests/jsoup-jsoup/Element/test_output/dataset/Element_dataset_0_Test.java
[OK] dataset: /workspace/MANTIS/results/jsoup-jsoup/2235b/MANTIS-tests/jsoup-jsoup/Element/test_output/dataset/Element_dataset_1_Test.java
[FIXED] dataset: /workspace/MANTIS/results/jsoup-jsoup/2235b/MANTIS-tests/jsoup-jsoup/Element/test_output/dataset/Element_dataset_2_Test.java -> ['class rename: Element_dataset_Test -> Element_dataset_2_Test', 'ensure public top-level type']
[OK] test generated: org.jsoup.nodes.Element
Preprocessed: /workspace/MANTIS/results/jsoup-jsoup/2235b/MANTIS-tests/jsoup-jsoup/Element/test_output/dataset/Element_dataset_2_Test.java -> /workspace/buggy/jsoup-jsoup-2235/MANTIS-tests/org/jsoup/nodes/Element_dataset_2_Test.java

=== Processing Element dataset ===
[INFO] Project root : /workspace/buggy/jsoup-jsoup-2235
[INFO] Running Maven: /usr/local/bin/mvn clean test -Dtest=Element_dataset_2_Test -Dmaven.test.failure.ignore=true -Drat.skip=true org.jacoco:jacoco-maven-plugin:report
[INFO] 응답이 JSON 파일로 저장되었습니다: /workspace/MANTIS/results/jsoup-jsoup/2235b/MANTIS-tests/jsoup-jsoup/Element/test_output/attr/test_2.json

[INFO] org.jsoup.nodes.Element  테스트 생성이 완료되었습니다!
[INFO] org.jsoup.nodes.Element attr 테스트 코드 후처리 시작
[INFO] org.jsoup.nodes.Element_attr_2_Test.java 저장 완료.
[OK] attr: /workspace/MANTIS/results/jsoup-jsoup/2235b/MANTIS-tests/jsoup-jsoup/Element/test_output/attr/Element_attr_0_Test.java
[OK] attr: /workspace/MANTIS/results/jsoup-jsoup/2235b/MANTIS-tests/jsoup-jsoup/Element/test_output/attr/Element_attr_1_Test.java
[FIXED] attr: /workspace/MANTIS/results/jsoup-jsoup/2235b/MANTIS-tests/jsoup-jsoup/Element/test_output/attr/Element_attr_2_Test.java -> ["package -> 'org.jsoup.nodes'", 'class rename: Element_attr_Test -> Element_attr_2_Test', 'ensure public top-level type']
[OK] test generated: org.jsoup.nodes.Element
** Saved stdout to /workspace/MANTIS/results/jsoup-jsoup/2235b/MANTIS-tests/jsoup-jsoup/Element/execution_logs/Element_dataset_outLog.txt
[저장된 정보] Tests run: 4, Failures: 1, Errors: 1, Skipped: 0
[COVERAGE-METHOD] org.jsoup.nodes.Element#dataset
  - LINE   : missed=0, covered=1, pct=100.00%
  - BRANCH : missed=0, covered=0, pct=0.00%

=== Processing Element dataset ===
[INFO] Project root : /workspace/buggy/jsoup-jsoup-2235
[INFO] Running Maven: /usr/local/bin/mvn clean test -Dmaven.test.failure.ignore=true -Drat.skip=true org.jacoco:jacoco-maven-plugin:report
** Saved stdout to /workspace/MANTIS/results/jsoup-jsoup/2235b/MANTIS-tests/jsoup-jsoup/Element/execution_logs/Element_dataset_outLog.txt
[저장된 정보] Tests run: 24, Failures: 7, Errors: 1, Skipped: 0
[COVERAGE-METHOD] org.jsoup.nodes.Element#dataset
  - LINE   : missed=0, covered=1, pct=100.00%
  - BRANCH : missed=0, covered=0, pct=0.00%
[DONE] org.jsoup.nodes.Element dataset finished execution.
Preprocessed: /workspace/MANTIS/results/jsoup-jsoup/2235b/MANTIS-tests/jsoup-jsoup/Element/test_output/attr/Element_attr_2_Test.java -> /workspace/buggy/jsoup-jsoup-2235/MANTIS-tests/org/jsoup/nodes/Element_attr_2_Test.java

=== Processing Element attr ===
[INFO] Project root : /workspace/buggy/jsoup-jsoup-2235
[INFO] Running Maven: /usr/local/bin/mvn clean test -Dtest=Element_attr_2_Test -Dmaven.test.failure.ignore=true -Drat.skip=true org.jacoco:jacoco-maven-plugin:report
** Saved stdout to /workspace/MANTIS/results/jsoup-jsoup/2235b/MANTIS-tests/jsoup-jsoup/Element/execution_logs/Element_attr_outLog.txt
[저장된 정보] Tests run: 2, Failures: 0, Errors: 0, Skipped: 0
[COVERAGE-METHOD] org.jsoup.nodes.Element#attr
  - LINE   : missed=2, covered=2, pct=50.00%
  - BRANCH : missed=0, covered=0, pct=0.00%

=== Processing Element attr ===
[INFO] Project root : /workspace/buggy/jsoup-jsoup-2235
[INFO] Running Maven: /usr/local/bin/mvn clean test -Dmaven.test.failure.ignore=true -Drat.skip=true org.jacoco:jacoco-maven-plugin:report
** Saved stdout to /workspace/MANTIS/results/jsoup-jsoup/2235b/MANTIS-tests/jsoup-jsoup/Element/execution_logs/Element_attr_outLog.txt
[저장된 정보] Tests run: 26, Failures: 7, Errors: 1, Skipped: 0
[COVERAGE-METHOD] org.jsoup.nodes.Element#attr
  - LINE   : missed=0, covered=4, pct=100.00%
  - BRANCH : missed=0, covered=0, pct=0.00%
[DONE] org.jsoup.nodes.Element attr finished execution.
[INFO] orchestrator finished.
