[INFO] Loaded 1 MANTIS instances.
[INFO] com.thealgorithms.geometry.ConvexHull convexHullRecursive 시나리오 생성 시작
[INFO] com.thealgorithms.geometry.ConvexHull 모델 `o4-mini` 선택됨.

[INFO] com.thealgorithms.geometry.ConvexHull convexHullRecursive 프롬프트 설정 완료!
[INFO] '
/workspace/buggy/TheAlgorithms-Java-6605/src/main/java/com/thealgorithms/geometry/ConvexHull.java' 파일의 코드를 o4-mini 모델로 시나리오 생성 처리 중...
[INFO] 응답이 JSON 파일로 저장되었습니다: /workspace/MANTIS/results/TheAlgorithms-Java/6605b/MANTIS-tests/TheAlgorithms-Java/ConvexHull/scenario_output/convexHullRecursive/scenario_0.json

[INFO] com.thealgorithms.geometry.ConvexHull convexHullRecursive 시나리오 생성이 완료되었습니다!
[INFO] com.thealgorithms.geometry.ConvexHull convexHullRecursive 시나리오 후처리 시작
[INFO] com.thealgorithms.geometry.ConvexHull convexHullRecursive 시나리오 후처리가 완료되었습니다!
[OK] scenario generated: com.thealgorithms.geometry.ConvexHull
[INFO] com.thealgorithms.geometry.ConvexHull convexHullRecursive 테스트 코드 생성 시작
[INFO] com.thealgorithms.geometry.ConvexHull 모델 `o4-mini` 선택됨.

[INFO] com.thealgorithms.geometry.ConvexHull 프롬프트 설정 완료!
[INFO] '
/workspace/buggy/TheAlgorithms-Java-6605/src/main/java/com/thealgorithms/geometry/ConvexHull.java' 파일의 코드를 o4-mini 모델로 테스트 생성 처리 중...
[INFO] 응답이 JSON 파일로 저장되었습니다: /workspace/MANTIS/results/TheAlgorithms-Java/6605b/MANTIS-tests/TheAlgorithms-Java/ConvexHull/test_output/convexHullRecursive/test_0.json

[INFO] com.thealgorithms.geometry.ConvexHull  테스트 생성이 완료되었습니다!
[INFO] com.thealgorithms.geometry.ConvexHull convexHullRecursive 테스트 코드 후처리 시작
[INFO] com.thealgorithms.geometry.ConvexHull_convexHullRecursive_0_Test.java 저장 완료.
[FIXED] convexHullRecursive: /workspace/MANTIS/results/TheAlgorithms-Java/6605b/MANTIS-tests/TheAlgorithms-Java/ConvexHull/test_output/convexHullRecursive/ConvexHull_convexHullRecursive_0_Test.java -> ['class rename: ConvexHull_convexHullRecursive_Test -> ConvexHull_convexHullRecursive_0_Test', 'ensure public top-level type']
[OK] test generated: com.thealgorithms.geometry.ConvexHull
Preprocessed: /workspace/MANTIS/results/TheAlgorithms-Java/6605b/MANTIS-tests/TheAlgorithms-Java/ConvexHull/test_output/convexHullRecursive/ConvexHull_convexHullRecursive_0_Test.java -> /workspace/buggy/TheAlgorithms-Java-6605/MANTIS-tests/com/thealgorithms/geometry/ConvexHull_convexHullRecursive_0_Test.java

=== Processing ConvexHull convexHullRecursive ===
[INFO] Project root : /workspace/buggy/TheAlgorithms-Java-6605
[INFO] Running Maven: /usr/local/bin/mvn clean test -Dtest=ConvexHull_convexHullRecursive_0_Test -Dmaven.test.failure.ignore=true -Drat.skip=true org.jacoco:jacoco-maven-plugin:report
** Saved stdout to /workspace/MANTIS/results/TheAlgorithms-Java/6605b/MANTIS-tests/TheAlgorithms-Java/ConvexHull/execution_logs/ConvexHull_convexHullRecursive_outLog.txt
[저장된 정보] Tests run: 10, Failures: 3, Errors: 0, Skipped: 0
[COVERAGE-METHOD] com.thealgorithms.geometry.ConvexHull#convexHullRecursive
  - LINE   : missed=0, covered=19, pct=100.00%
  - BRANCH : missed=0, covered=6, pct=100.00%
[DONE] com.thealgorithms.geometry.ConvexHull convexHullRecursive finished execution.
[INFO] orchestrator finished.
