[INFO] Loaded 1 MANTIS instances.
[INFO] com.thealgorithms.searches.BM25InvertedIndex search 시나리오 생성 시작
[INFO] com.thealgorithms.searches.BM25InvertedIndex 모델 `o4-mini` 선택됨.

[INFO] com.thealgorithms.searches.BM25InvertedIndex search 프롬프트 설정 완료!
[INFO] '
/workspace/buggy/TheAlgorithms-Java-5697/src/main/java/com/thealgorithms/searches/BM25InvertedIndex.java' 파일의 코드를 o4-mini 모델로 시나리오 생성 처리 중...
[INFO] 응답이 JSON 파일로 저장되었습니다: /workspace/MANTIS/results/TheAlgorithms-Java/5697b/MANTIS-tests/TheAlgorithms-Java/BM25InvertedIndex/scenario_output/search/scenario_0.json

[INFO] com.thealgorithms.searches.BM25InvertedIndex search 시나리오 생성이 완료되었습니다!
[INFO] com.thealgorithms.searches.BM25InvertedIndex search 시나리오 후처리 시작
[INFO] com.thealgorithms.searches.BM25InvertedIndex search 시나리오 후처리가 완료되었습니다!
[OK] scenario generated: com.thealgorithms.searches.BM25InvertedIndex
[INFO] com.thealgorithms.searches.BM25InvertedIndex search 테스트 코드 생성 시작
[INFO] com.thealgorithms.searches.BM25InvertedIndex 모델 `o4-mini` 선택됨.

[INFO] com.thealgorithms.searches.BM25InvertedIndex 프롬프트 설정 완료!
[INFO] '
/workspace/buggy/TheAlgorithms-Java-5697/src/main/java/com/thealgorithms/searches/BM25InvertedIndex.java' 파일의 코드를 o4-mini 모델로 테스트 생성 처리 중...
[INFO] 응답이 JSON 파일로 저장되었습니다: /workspace/MANTIS/results/TheAlgorithms-Java/5697b/MANTIS-tests/TheAlgorithms-Java/BM25InvertedIndex/test_output/search/test_0.json

[INFO] com.thealgorithms.searches.BM25InvertedIndex  테스트 생성이 완료되었습니다!
[INFO] com.thealgorithms.searches.BM25InvertedIndex search 테스트 코드 후처리 시작
[INFO] com.thealgorithms.searches.BM25InvertedIndex_search_0_Test.java 저장 완료.
[FIXED] search: /workspace/MANTIS/results/TheAlgorithms-Java/5697b/MANTIS-tests/TheAlgorithms-Java/BM25InvertedIndex/test_output/search/BM25InvertedIndex_search_0_Test.java -> ["package -> 'com.thealgorithms.searches'", 'class rename: BM25InvertedIndex_search_Test -> BM25InvertedIndex_search_0_Test', 'ensure public top-level type']
[OK] test generated: com.thealgorithms.searches.BM25InvertedIndex
Preprocessed: /workspace/MANTIS/results/TheAlgorithms-Java/5697b/MANTIS-tests/TheAlgorithms-Java/BM25InvertedIndex/test_output/search/BM25InvertedIndex_search_0_Test.java -> /workspace/buggy/TheAlgorithms-Java-5697/MANTIS-tests/com/thealgorithms/searches/BM25InvertedIndex_search_0_Test.java

=== Processing BM25InvertedIndex search ===
[INFO] Project root : /workspace/buggy/TheAlgorithms-Java-5697
[INFO] Running Maven: /usr/local/bin/mvn clean test -Dtest=BM25InvertedIndex_search_0_Test -Dmaven.test.failure.ignore=true -Drat.skip=true org.jacoco:jacoco-maven-plugin:report
** Saved stdout to /workspace/MANTIS/results/TheAlgorithms-Java/5697b/MANTIS-tests/TheAlgorithms-Java/BM25InvertedIndex/execution_logs/BM25InvertedIndex_search_outLog.txt
[저장된 정보] Tests run: 6, Failures: 1, Errors: 0, Skipped: 0
[COVERAGE-METHOD] com.thealgorithms.searches.BM25InvertedIndex#search
  - LINE   : missed=0, covered=18, pct=100.00%
  - BRANCH : missed=0, covered=6, pct=100.00%
[DONE] com.thealgorithms.searches.BM25InvertedIndex search finished execution.
[INFO] orchestrator finished.
