[INFO] Loaded 1 MANTIS instances.
[INFO] org.jsoup.nodes.Document charset 시나리오 생성 시작
[INFO] org.jsoup.nodes.Document 모델 `o4-mini` 선택됨.

[INFO] org.jsoup.nodes.Document charset 프롬프트 설정 완료!
[INFO] '
/workspace/buggy/jsoup-jsoup-2266/src/main/java/org/jsoup/nodes/Document.java' 파일의 코드를 o4-mini 모델로 시나리오 생성 처리 중...
[INFO] 응답이 JSON 파일로 저장되었습니다: /workspace/MANTIS/results/jsoup-jsoup/2266b/MANTIS-tests/jsoup-jsoup/Document/scenario_output/charset/scenario_0.json

[INFO] org.jsoup.nodes.Document charset 시나리오 생성이 완료되었습니다!
[INFO] org.jsoup.nodes.Document charset 시나리오 후처리 시작
[INFO] org.jsoup.nodes.Document charset 시나리오 후처리가 완료되었습니다!
[OK] scenario generated: org.jsoup.nodes.Document
[INFO] org.jsoup.nodes.Document charset 테스트 코드 생성 시작
[INFO] org.jsoup.nodes.Document 모델 `o4-mini` 선택됨.

[INFO] org.jsoup.nodes.Document 프롬프트 설정 완료!
[INFO] '
/workspace/buggy/jsoup-jsoup-2266/src/main/java/org/jsoup/nodes/Document.java' 파일의 코드를 o4-mini 모델로 테스트 생성 처리 중...
[INFO] 응답이 JSON 파일로 저장되었습니다: /workspace/MANTIS/results/jsoup-jsoup/2266b/MANTIS-tests/jsoup-jsoup/Document/test_output/charset/test_0.json

[INFO] org.jsoup.nodes.Document  테스트 생성이 완료되었습니다!
[INFO] org.jsoup.nodes.Document charset 테스트 코드 후처리 시작
[INFO] org.jsoup.nodes.Document_charset_0_Test.java 저장 완료.
[FIXED] charset: /workspace/MANTIS/results/jsoup-jsoup/2266b/MANTIS-tests/jsoup-jsoup/Document/test_output/charset/Document_charset_0_Test.java -> ["package -> 'org.jsoup.nodes'", 'class rename: Document_charset_Test -> Document_charset_0_Test', 'ensure public top-level type']
[OK] test generated: org.jsoup.nodes.Document
Preprocessed: /workspace/MANTIS/results/jsoup-jsoup/2266b/MANTIS-tests/jsoup-jsoup/Document/test_output/charset/Document_charset_0_Test.java -> /workspace/buggy/jsoup-jsoup-2266/MANTIS-tests/org/jsoup/nodes/Document_charset_0_Test.java

=== Processing Document charset ===
[INFO] Project root : /workspace/buggy/jsoup-jsoup-2266
[INFO] Running Maven: /usr/local/bin/mvn clean test -Dtest=Document_charset_0_Test -Dmaven.test.failure.ignore=true -Drat.skip=true org.jacoco:jacoco-maven-plugin:report
** Saved stdout to /workspace/MANTIS/results/jsoup-jsoup/2266b/MANTIS-tests/jsoup-jsoup/Document/execution_logs/Document_charset_outLog.txt
[저장된 정보] Tests run: 5, Failures: 1, Errors: 0, Skipped: 0
[COVERAGE-METHOD] org.jsoup.nodes.Document#charset
  - LINE   : missed=0, covered=5, pct=100.00%
  - BRANCH : missed=0, covered=0, pct=0.00%
[INFO] org.jsoup.nodes.Document charset 개선 1 생성 시작
[INFO] org.jsoup.nodes.Document 모델 `o4-mini` 선택됨.

[INFO] org.jsoup.nodes.Document 프롬프트 설정 완료!
[INFO] '
/workspace/buggy/jsoup-jsoup-2266/src/main/java/org/jsoup/nodes/Document.java' 파일의 코드를 o4-mini 모델로 시나리오 생성 처리 중...
[INFO] 응답이 JSON 파일로 저장되었습니다: /workspace/MANTIS/results/jsoup-jsoup/2266b/MANTIS-tests/jsoup-jsoup/Document/scenario_output/charset/scenario_1.json

[INFO] org.jsoup.nodes.Document charset 시나리오 생성이 완료되었습니다!
[INFO] org.jsoup.nodes.Document charset 시나리오 후처리 시작
[WARN] scenarios is not a dict. Saved as single file: /workspace/MANTIS/results/jsoup-jsoup/2266b/MANTIS-tests/jsoup-jsoup/Document/scenario_output/charset/charset_1.json
[INFO] org.jsoup.nodes.Document 시나리오 후처리가 완료되었습니다!
[OK] enhance generated: org.jsoup.nodes.Document
[INFO] org.jsoup.nodes.Document charset 테스트 코드 생성 시작
[INFO] org.jsoup.nodes.Document 모델 `o4-mini` 선택됨.

[INFO] org.jsoup.nodes.Document 프롬프트 설정 완료!
[INFO] '
/workspace/buggy/jsoup-jsoup-2266/src/main/java/org/jsoup/nodes/Document.java' 파일의 코드를 o4-mini 모델로 테스트 생성 처리 중...
[INFO] 응답이 JSON 파일로 저장되었습니다: /workspace/MANTIS/results/jsoup-jsoup/2266b/MANTIS-tests/jsoup-jsoup/Document/test_output/charset/test_1.json

[INFO] org.jsoup.nodes.Document  테스트 생성이 완료되었습니다!
[INFO] org.jsoup.nodes.Document charset 테스트 코드 후처리 시작
[INFO] org.jsoup.nodes.Document_charset_1_Test.java 저장 완료.
[OK] charset: /workspace/MANTIS/results/jsoup-jsoup/2266b/MANTIS-tests/jsoup-jsoup/Document/test_output/charset/Document_charset_0_Test.java
[FIXED] charset: /workspace/MANTIS/results/jsoup-jsoup/2266b/MANTIS-tests/jsoup-jsoup/Document/test_output/charset/Document_charset_1_Test.java -> ["package -> 'org.jsoup.nodes'", 'class rename: Document_charset_Test -> Document_charset_1_Test', 'ensure public top-level type']
[OK] test generated: org.jsoup.nodes.Document
Preprocessed: /workspace/MANTIS/results/jsoup-jsoup/2266b/MANTIS-tests/jsoup-jsoup/Document/test_output/charset/Document_charset_1_Test.java -> /workspace/buggy/jsoup-jsoup-2266/MANTIS-tests/org/jsoup/nodes/Document_charset_1_Test.java

=== Processing Document charset ===
[INFO] Project root : /workspace/buggy/jsoup-jsoup-2266
[INFO] Running Maven: /usr/local/bin/mvn clean test -Dtest=Document_charset_1_Test -Dmaven.test.failure.ignore=true -Drat.skip=true org.jacoco:jacoco-maven-plugin:report
** Saved stdout to /workspace/MANTIS/results/jsoup-jsoup/2266b/MANTIS-tests/jsoup-jsoup/Document/execution_logs/Document_charset_outLog.txt
[저장된 정보] Tests run: 3, Failures: 1, Errors: 0, Skipped: 0
[COVERAGE-METHOD] org.jsoup.nodes.Document#charset
  - LINE   : missed=0, covered=5, pct=100.00%
  - BRANCH : missed=0, covered=0, pct=0.00%

=== Processing Document charset ===
[INFO] Project root : /workspace/buggy/jsoup-jsoup-2266
[INFO] Running Maven: /usr/local/bin/mvn clean test -Dmaven.test.failure.ignore=true -Drat.skip=true org.jacoco:jacoco-maven-plugin:report
** Saved stdout to /workspace/MANTIS/results/jsoup-jsoup/2266b/MANTIS-tests/jsoup-jsoup/Document/execution_logs/Document_charset_outLog.txt
[저장된 정보] Tests run: 8, Failures: 2, Errors: 0, Skipped: 0
[COVERAGE-METHOD] org.jsoup.nodes.Document#charset
  - LINE   : missed=0, covered=5, pct=100.00%
  - BRANCH : missed=0, covered=0, pct=0.00%
[INFO] org.jsoup.nodes.Document charset 개선 2 생성 시작
[INFO] org.jsoup.nodes.Document 모델 `o4-mini` 선택됨.

[INFO] org.jsoup.nodes.Document 프롬프트 설정 완료!
[INFO] '
/workspace/buggy/jsoup-jsoup-2266/src/main/java/org/jsoup/nodes/Document.java' 파일의 코드를 o4-mini 모델로 시나리오 생성 처리 중...
[INFO] 응답이 JSON 파일로 저장되었습니다: /workspace/MANTIS/results/jsoup-jsoup/2266b/MANTIS-tests/jsoup-jsoup/Document/scenario_output/charset/scenario_2.json

[INFO] org.jsoup.nodes.Document charset 시나리오 생성이 완료되었습니다!
[INFO] org.jsoup.nodes.Document charset 시나리오 후처리 시작
[WARN] scenarios is not a dict. Saved as single file: /workspace/MANTIS/results/jsoup-jsoup/2266b/MANTIS-tests/jsoup-jsoup/Document/scenario_output/charset/charset_2.json
[INFO] org.jsoup.nodes.Document 시나리오 후처리가 완료되었습니다!
[OK] enhance generated: org.jsoup.nodes.Document
[INFO] org.jsoup.nodes.Document charset 테스트 코드 생성 시작
[INFO] org.jsoup.nodes.Document 모델 `o4-mini` 선택됨.

[INFO] org.jsoup.nodes.Document 프롬프트 설정 완료!
[INFO] '
/workspace/buggy/jsoup-jsoup-2266/src/main/java/org/jsoup/nodes/Document.java' 파일의 코드를 o4-mini 모델로 테스트 생성 처리 중...
[INFO] 응답이 JSON 파일로 저장되었습니다: /workspace/MANTIS/results/jsoup-jsoup/2266b/MANTIS-tests/jsoup-jsoup/Document/test_output/charset/test_2.json

[INFO] org.jsoup.nodes.Document  테스트 생성이 완료되었습니다!
[INFO] org.jsoup.nodes.Document charset 테스트 코드 후처리 시작
[INFO] org.jsoup.nodes.Document_charset_2_Test.java 저장 완료.
[OK] charset: /workspace/MANTIS/results/jsoup-jsoup/2266b/MANTIS-tests/jsoup-jsoup/Document/test_output/charset/Document_charset_0_Test.java
[OK] charset: /workspace/MANTIS/results/jsoup-jsoup/2266b/MANTIS-tests/jsoup-jsoup/Document/test_output/charset/Document_charset_1_Test.java
[FIXED] charset: /workspace/MANTIS/results/jsoup-jsoup/2266b/MANTIS-tests/jsoup-jsoup/Document/test_output/charset/Document_charset_2_Test.java -> ['class rename: Document_charset_Test -> Document_charset_2_Test', 'ensure public top-level type']
[OK] test generated: org.jsoup.nodes.Document
Preprocessed: /workspace/MANTIS/results/jsoup-jsoup/2266b/MANTIS-tests/jsoup-jsoup/Document/test_output/charset/Document_charset_2_Test.java -> /workspace/buggy/jsoup-jsoup-2266/MANTIS-tests/org/jsoup/nodes/Document_charset_2_Test.java

=== Processing Document charset ===
[INFO] Project root : /workspace/buggy/jsoup-jsoup-2266
[INFO] Running Maven: /usr/local/bin/mvn clean test -Dtest=Document_charset_2_Test -Dmaven.test.failure.ignore=true -Drat.skip=true org.jacoco:jacoco-maven-plugin:report
** Saved stdout to /workspace/MANTIS/results/jsoup-jsoup/2266b/MANTIS-tests/jsoup-jsoup/Document/execution_logs/Document_charset_outLog.txt
[저장된 정보] Tests run: 2, Failures: 0, Errors: 1, Skipped: 0
[COVERAGE-METHOD] org.jsoup.nodes.Document#charset
  - LINE   : missed=0, covered=5, pct=100.00%
  - BRANCH : missed=0, covered=0, pct=0.00%

=== Processing Document charset ===
[INFO] Project root : /workspace/buggy/jsoup-jsoup-2266
[INFO] Running Maven: /usr/local/bin/mvn clean test -Dmaven.test.failure.ignore=true -Drat.skip=true org.jacoco:jacoco-maven-plugin:report
** Saved stdout to /workspace/MANTIS/results/jsoup-jsoup/2266b/MANTIS-tests/jsoup-jsoup/Document/execution_logs/Document_charset_outLog.txt
[저장된 정보] Tests run: 10, Failures: 2, Errors: 1, Skipped: 0
[COVERAGE-METHOD] org.jsoup.nodes.Document#charset
  - LINE   : missed=0, covered=5, pct=100.00%
  - BRANCH : missed=0, covered=0, pct=0.00%
[DONE] org.jsoup.nodes.Document charset finished execution.
[INFO] orchestrator finished.
