[INFO] Loaded 1 MANTIS instances.
[INFO] com.thealgorithms.searches.RowColumnWiseSorted2dArrayBinarySearch search 시나리오 생성 시작
[INFO] com.thealgorithms.searches.RowColumnWiseSorted2dArrayBinarySearch 모델 `o4-mini` 선택됨.

[INFO] com.thealgorithms.searches.RowColumnWiseSorted2dArrayBinarySearch search 프롬프트 설정 완료!
[INFO] '
/workspace/buggy/TheAlgorithms-Java-6332/src/main/java/com/thealgorithms/searches/RowColumnWiseSorted2dArrayBinarySearch.java' 파일의 코드를 o4-mini 모델로 시나리오 생성 처리 중...
[INFO] 응답이 JSON 파일로 저장되었습니다: /workspace/MANTIS/results/TheAlgorithms-Java/6332b/MANTIS-tests/TheAlgorithms-Java/RowColumnWiseSorted2dArrayBinarySearch/scenario_output/search/scenario_0.json

[INFO] com.thealgorithms.searches.RowColumnWiseSorted2dArrayBinarySearch search 시나리오 생성이 완료되었습니다!
[INFO] com.thealgorithms.searches.RowColumnWiseSorted2dArrayBinarySearch search 시나리오 후처리 시작
[INFO] com.thealgorithms.searches.RowColumnWiseSorted2dArrayBinarySearch search 시나리오 후처리가 완료되었습니다!
[OK] scenario generated: com.thealgorithms.searches.RowColumnWiseSorted2dArrayBinarySearch
[INFO] com.thealgorithms.searches.RowColumnWiseSorted2dArrayBinarySearch search 테스트 코드 생성 시작
[INFO] com.thealgorithms.searches.RowColumnWiseSorted2dArrayBinarySearch 모델 `o4-mini` 선택됨.

[INFO] com.thealgorithms.searches.RowColumnWiseSorted2dArrayBinarySearch 프롬프트 설정 완료!
[INFO] '
/workspace/buggy/TheAlgorithms-Java-6332/src/main/java/com/thealgorithms/searches/RowColumnWiseSorted2dArrayBinarySearch.java' 파일의 코드를 o4-mini 모델로 테스트 생성 처리 중...
[INFO] 응답이 JSON 파일로 저장되었습니다: /workspace/MANTIS/results/TheAlgorithms-Java/6332b/MANTIS-tests/TheAlgorithms-Java/RowColumnWiseSorted2dArrayBinarySearch/test_output/search/test_0.json

[INFO] com.thealgorithms.searches.RowColumnWiseSorted2dArrayBinarySearch  테스트 생성이 완료되었습니다!
[INFO] com.thealgorithms.searches.RowColumnWiseSorted2dArrayBinarySearch search 테스트 코드 후처리 시작
[INFO] com.thealgorithms.searches.RowColumnWiseSorted2dArrayBinarySearch_search_0_Test.java 저장 완료.
[FIXED] search: /workspace/MANTIS/results/TheAlgorithms-Java/6332b/MANTIS-tests/TheAlgorithms-Java/RowColumnWiseSorted2dArrayBinarySearch/test_output/search/RowColumnWiseSorted2dArrayBinarySearch_search_0_Test.java -> ['class rename: RowColumnWiseSorted2dArrayBinarySearch_search_Test -> RowColumnWiseSorted2dArrayBinarySearch_search_0_Test', 'ensure public top-level type']
[OK] test generated: com.thealgorithms.searches.RowColumnWiseSorted2dArrayBinarySearch
Preprocessed: /workspace/MANTIS/results/TheAlgorithms-Java/6332b/MANTIS-tests/TheAlgorithms-Java/RowColumnWiseSorted2dArrayBinarySearch/test_output/search/RowColumnWiseSorted2dArrayBinarySearch_search_0_Test.java -> /workspace/buggy/TheAlgorithms-Java-6332/MANTIS-tests/com/thealgorithms/searches/RowColumnWiseSorted2dArrayBinarySearch_search_0_Test.java

=== Processing RowColumnWiseSorted2dArrayBinarySearch search ===
[INFO] Project root : /workspace/buggy/TheAlgorithms-Java-6332
[INFO] Running Maven: /usr/local/bin/mvn clean test -Dtest=RowColumnWiseSorted2dArrayBinarySearch_search_0_Test -Dmaven.test.failure.ignore=true -Drat.skip=true org.jacoco:jacoco-maven-plugin:report
** Saved stdout to /workspace/MANTIS/results/TheAlgorithms-Java/6332b/MANTIS-tests/TheAlgorithms-Java/RowColumnWiseSorted2dArrayBinarySearch/execution_logs/RowColumnWiseSorted2dArrayBinarySearch_search_outLog.txt
[저장된 정보] Tests run: 5, Failures: 0, Errors: 0, Skipped: 0
[COVERAGE-METHOD] com.thealgorithms.searches.RowColumnWiseSorted2dArrayBinarySearch#search
  - LINE   : missed=0, covered=11, pct=100.00%
  - BRANCH : missed=0, covered=8, pct=100.00%
[DONE] com.thealgorithms.searches.RowColumnWiseSorted2dArrayBinarySearch search finished execution.
[INFO] orchestrator finished.
