[INFO] Loaded 1 MANTIS instances.
[INFO] org.jsoup.Jsoup parseBodyFragment 시나리오 생성 시작
[INFO] org.jsoup.Jsoup 모델 `o4-mini` 선택됨.

[INFO] org.jsoup.Jsoup parseBodyFragment 프롬프트 설정 완료!
[INFO] '
/workspace/buggy/jsoup-jsoup-2397/src/main/java/org/jsoup/Jsoup.java' 파일의 코드를 o4-mini 모델로 시나리오 생성 처리 중...
[INFO] 응답이 JSON 파일로 저장되었습니다: /workspace/MANTIS/results/jsoup-jsoup/2397b/MANTIS-tests/jsoup-jsoup/Jsoup/scenario_output/parseBodyFragment/scenario_0.json

[INFO] org.jsoup.Jsoup parseBodyFragment 시나리오 생성이 완료되었습니다!
[INFO] org.jsoup.Jsoup parseBodyFragment 시나리오 후처리 시작
[INFO] org.jsoup.Jsoup parseBodyFragment 시나리오 후처리가 완료되었습니다!
[OK] scenario generated: org.jsoup.Jsoup
[INFO] org.jsoup.Jsoup parseBodyFragment 테스트 코드 생성 시작
[INFO] org.jsoup.Jsoup 모델 `o4-mini` 선택됨.

[INFO] org.jsoup.Jsoup 프롬프트 설정 완료!
[INFO] '
/workspace/buggy/jsoup-jsoup-2397/src/main/java/org/jsoup/Jsoup.java' 파일의 코드를 o4-mini 모델로 테스트 생성 처리 중...
[INFO] 응답이 JSON 파일로 저장되었습니다: /workspace/MANTIS/results/jsoup-jsoup/2397b/MANTIS-tests/jsoup-jsoup/Jsoup/test_output/parseBodyFragment/test_0.json

[INFO] org.jsoup.Jsoup  테스트 생성이 완료되었습니다!
[INFO] org.jsoup.Jsoup parseBodyFragment 테스트 코드 후처리 시작
[INFO] org.jsoup.Jsoup_parseBodyFragment_0_Test.java 저장 완료.
[FIXED] parseBodyFragment: /workspace/MANTIS/results/jsoup-jsoup/2397b/MANTIS-tests/jsoup-jsoup/Jsoup/test_output/parseBodyFragment/Jsoup_parseBodyFragment_0_Test.java -> ['class rename: Jsoup_parseBodyFragment_Test -> Jsoup_parseBodyFragment_0_Test', 'ensure public top-level type']
[OK] test generated: org.jsoup.Jsoup
Preprocessed: /workspace/MANTIS/results/jsoup-jsoup/2397b/MANTIS-tests/jsoup-jsoup/Jsoup/test_output/parseBodyFragment/Jsoup_parseBodyFragment_0_Test.java -> /workspace/buggy/jsoup-jsoup-2397/MANTIS-tests/org/jsoup/Jsoup_parseBodyFragment_0_Test.java

=== Processing Jsoup parseBodyFragment ===
[INFO] Project root : /workspace/buggy/jsoup-jsoup-2397
[INFO] Running Maven: /usr/local/bin/mvn clean test -Dtest=Jsoup_parseBodyFragment_0_Test -Dmaven.test.failure.ignore=true -Drat.skip=true org.jacoco:jacoco-maven-plugin:report
** Saved stdout to /workspace/MANTIS/results/jsoup-jsoup/2397b/MANTIS-tests/jsoup-jsoup/Jsoup/execution_logs/Jsoup_parseBodyFragment_outLog.txt
[저장된 정보] Tests run: 10, Failures: 3, Errors: 0, Skipped: 0
[COVERAGE-METHOD] org.jsoup.Jsoup#parseBodyFragment
  - LINE   : missed=0, covered=2, pct=100.00%
  - BRANCH : missed=0, covered=0, pct=0.00%
[INFO] org.jsoup.Jsoup parseBodyFragment 개선 1 생성 시작
[INFO] org.jsoup.Jsoup 모델 `o4-mini` 선택됨.

[INFO] org.jsoup.Jsoup 프롬프트 설정 완료!
[INFO] '
/workspace/buggy/jsoup-jsoup-2397/src/main/java/org/jsoup/Jsoup.java' 파일의 코드를 o4-mini 모델로 시나리오 생성 처리 중...
[INFO] 응답이 JSON 파일로 저장되었습니다: /workspace/MANTIS/results/jsoup-jsoup/2397b/MANTIS-tests/jsoup-jsoup/Jsoup/scenario_output/parseBodyFragment/scenario_1.json

[INFO] org.jsoup.Jsoup parseBodyFragment 시나리오 생성이 완료되었습니다!
[INFO] org.jsoup.Jsoup parseBodyFragment 시나리오 후처리 시작
[WARN] scenarios is not a dict. Saved as single file: /workspace/MANTIS/results/jsoup-jsoup/2397b/MANTIS-tests/jsoup-jsoup/Jsoup/scenario_output/parseBodyFragment/parseBodyFragment_1.json
[INFO] org.jsoup.Jsoup 시나리오 후처리가 완료되었습니다!
[OK] enhance generated: org.jsoup.Jsoup
[INFO] org.jsoup.Jsoup parseBodyFragment 테스트 코드 생성 시작
[INFO] org.jsoup.Jsoup 모델 `o4-mini` 선택됨.

[INFO] org.jsoup.Jsoup 프롬프트 설정 완료!
[INFO] '
/workspace/buggy/jsoup-jsoup-2397/src/main/java/org/jsoup/Jsoup.java' 파일의 코드를 o4-mini 모델로 테스트 생성 처리 중...
[INFO] 응답이 JSON 파일로 저장되었습니다: /workspace/MANTIS/results/jsoup-jsoup/2397b/MANTIS-tests/jsoup-jsoup/Jsoup/test_output/parseBodyFragment/test_1.json

[INFO] org.jsoup.Jsoup  테스트 생성이 완료되었습니다!
[INFO] org.jsoup.Jsoup parseBodyFragment 테스트 코드 후처리 시작
[INFO] org.jsoup.Jsoup_parseBodyFragment_1_Test.java 저장 완료.
[OK] parseBodyFragment: /workspace/MANTIS/results/jsoup-jsoup/2397b/MANTIS-tests/jsoup-jsoup/Jsoup/test_output/parseBodyFragment/Jsoup_parseBodyFragment_0_Test.java
[FIXED] parseBodyFragment: /workspace/MANTIS/results/jsoup-jsoup/2397b/MANTIS-tests/jsoup-jsoup/Jsoup/test_output/parseBodyFragment/Jsoup_parseBodyFragment_1_Test.java -> ['class rename: Jsoup_parseBodyFragment_Test -> Jsoup_parseBodyFragment_1_Test', 'ensure public top-level type']
[OK] test generated: org.jsoup.Jsoup
Preprocessed: /workspace/MANTIS/results/jsoup-jsoup/2397b/MANTIS-tests/jsoup-jsoup/Jsoup/test_output/parseBodyFragment/Jsoup_parseBodyFragment_1_Test.java -> /workspace/buggy/jsoup-jsoup-2397/MANTIS-tests/org/jsoup/Jsoup_parseBodyFragment_1_Test.java

=== Processing Jsoup parseBodyFragment ===
[INFO] Project root : /workspace/buggy/jsoup-jsoup-2397
[INFO] Running Maven: /usr/local/bin/mvn clean test -Dtest=Jsoup_parseBodyFragment_1_Test -Dmaven.test.failure.ignore=true -Drat.skip=true org.jacoco:jacoco-maven-plugin:report
** Saved stdout to /workspace/MANTIS/results/jsoup-jsoup/2397b/MANTIS-tests/jsoup-jsoup/Jsoup/execution_logs/Jsoup_parseBodyFragment_outLog.txt
[저장된 정보] Tests run: 2, Failures: 1, Errors: 0, Skipped: 0
[COVERAGE-METHOD] org.jsoup.Jsoup#parseBodyFragment
  - LINE   : missed=0, covered=2, pct=100.00%
  - BRANCH : missed=0, covered=0, pct=0.00%

=== Processing Jsoup parseBodyFragment ===
[INFO] Project root : /workspace/buggy/jsoup-jsoup-2397
[INFO] Running Maven: /usr/local/bin/mvn clean test -Dmaven.test.failure.ignore=true -Drat.skip=true org.jacoco:jacoco-maven-plugin:report
** Saved stdout to /workspace/MANTIS/results/jsoup-jsoup/2397b/MANTIS-tests/jsoup-jsoup/Jsoup/execution_logs/Jsoup_parseBodyFragment_outLog.txt
[저장된 정보] Tests run: 12, Failures: 4, Errors: 0, Skipped: 0
[COVERAGE-METHOD] org.jsoup.Jsoup#parseBodyFragment
  - LINE   : missed=0, covered=2, pct=100.00%
  - BRANCH : missed=0, covered=0, pct=0.00%
[INFO] org.jsoup.Jsoup parseBodyFragment 개선 2 생성 시작
[INFO] org.jsoup.Jsoup 모델 `o4-mini` 선택됨.

[INFO] org.jsoup.Jsoup 프롬프트 설정 완료!
[INFO] '
/workspace/buggy/jsoup-jsoup-2397/src/main/java/org/jsoup/Jsoup.java' 파일의 코드를 o4-mini 모델로 시나리오 생성 처리 중...
[INFO] 응답이 JSON 파일로 저장되었습니다: /workspace/MANTIS/results/jsoup-jsoup/2397b/MANTIS-tests/jsoup-jsoup/Jsoup/scenario_output/parseBodyFragment/scenario_2.json

[INFO] org.jsoup.Jsoup parseBodyFragment 시나리오 생성이 완료되었습니다!
[INFO] org.jsoup.Jsoup parseBodyFragment 시나리오 후처리 시작
[WARN] scenarios is not a dict. Saved as single file: /workspace/MANTIS/results/jsoup-jsoup/2397b/MANTIS-tests/jsoup-jsoup/Jsoup/scenario_output/parseBodyFragment/parseBodyFragment_2.json
[INFO] org.jsoup.Jsoup 시나리오 후처리가 완료되었습니다!
[OK] enhance generated: org.jsoup.Jsoup
[INFO] org.jsoup.Jsoup parseBodyFragment 테스트 코드 생성 시작
[INFO] org.jsoup.Jsoup 모델 `o4-mini` 선택됨.

[INFO] org.jsoup.Jsoup 프롬프트 설정 완료!
[INFO] '
/workspace/buggy/jsoup-jsoup-2397/src/main/java/org/jsoup/Jsoup.java' 파일의 코드를 o4-mini 모델로 테스트 생성 처리 중...
[INFO] 응답이 JSON 파일로 저장되었습니다: /workspace/MANTIS/results/jsoup-jsoup/2397b/MANTIS-tests/jsoup-jsoup/Jsoup/test_output/parseBodyFragment/test_2.json

[INFO] org.jsoup.Jsoup  테스트 생성이 완료되었습니다!
[INFO] org.jsoup.Jsoup parseBodyFragment 테스트 코드 후처리 시작
[INFO] org.jsoup.Jsoup_parseBodyFragment_2_Test.java 저장 완료.
[OK] parseBodyFragment: /workspace/MANTIS/results/jsoup-jsoup/2397b/MANTIS-tests/jsoup-jsoup/Jsoup/test_output/parseBodyFragment/Jsoup_parseBodyFragment_0_Test.java
[OK] parseBodyFragment: /workspace/MANTIS/results/jsoup-jsoup/2397b/MANTIS-tests/jsoup-jsoup/Jsoup/test_output/parseBodyFragment/Jsoup_parseBodyFragment_1_Test.java
[FIXED] parseBodyFragment: /workspace/MANTIS/results/jsoup-jsoup/2397b/MANTIS-tests/jsoup-jsoup/Jsoup/test_output/parseBodyFragment/Jsoup_parseBodyFragment_2_Test.java -> ['class rename: Jsoup_parseBodyFragment_Test -> Jsoup_parseBodyFragment_2_Test', 'ensure public top-level type']
[OK] test generated: org.jsoup.Jsoup
Preprocessed: /workspace/MANTIS/results/jsoup-jsoup/2397b/MANTIS-tests/jsoup-jsoup/Jsoup/test_output/parseBodyFragment/Jsoup_parseBodyFragment_2_Test.java -> /workspace/buggy/jsoup-jsoup-2397/MANTIS-tests/org/jsoup/Jsoup_parseBodyFragment_2_Test.java

=== Processing Jsoup parseBodyFragment ===
[INFO] Project root : /workspace/buggy/jsoup-jsoup-2397
[INFO] Running Maven: /usr/local/bin/mvn clean test -Dtest=Jsoup_parseBodyFragment_2_Test -Dmaven.test.failure.ignore=true -Drat.skip=true org.jacoco:jacoco-maven-plugin:report
** Saved stdout to /workspace/MANTIS/results/jsoup-jsoup/2397b/MANTIS-tests/jsoup-jsoup/Jsoup/execution_logs/Jsoup_parseBodyFragment_outLog.txt
[저장된 정보] Tests run: 2, Failures: 1, Errors: 0, Skipped: 0
[COVERAGE-METHOD] org.jsoup.Jsoup#parseBodyFragment
  - LINE   : missed=1, covered=1, pct=50.00%
  - BRANCH : missed=0, covered=0, pct=0.00%

=== Processing Jsoup parseBodyFragment ===
[INFO] Project root : /workspace/buggy/jsoup-jsoup-2397
[INFO] Running Maven: /usr/local/bin/mvn clean test -Dmaven.test.failure.ignore=true -Drat.skip=true org.jacoco:jacoco-maven-plugin:report
** Saved stdout to /workspace/MANTIS/results/jsoup-jsoup/2397b/MANTIS-tests/jsoup-jsoup/Jsoup/execution_logs/Jsoup_parseBodyFragment_outLog.txt
[저장된 정보] Tests run: 14, Failures: 5, Errors: 0, Skipped: 0
[COVERAGE-METHOD] org.jsoup.Jsoup#parseBodyFragment
  - LINE   : missed=0, covered=2, pct=100.00%
  - BRANCH : missed=0, covered=0, pct=0.00%
[DONE] org.jsoup.Jsoup parseBodyFragment finished execution.
[INFO] orchestrator finished.
